Using pre-set license
Built from '6000.0/staging' branch; Version is '6000.0.48f1 (170d2541580d) revision 1510693'; Using compiler version '193933523'; Build Type 'Release'
OS: 'Windows 11  (10.0.26100) 64bit Core' Language: 'ko' Physical Memory: 16057 MB
BatchMode: 1, IsHumanControllingUs: 0, StartBugReporterOnCrash: 0, Is64bit: 1, IsPro: 1

COMMAND LINE ARGUMENTS:
C:\Program Files\Unity 6000.0.48f1\Editor\Unity.exe
-adb2
-batchMode
-noUpm
-name
AssetImportWorker1
-projectPath
C:/Users/손재윤/Backroom
-logFile
Logs/AssetImportWorker1.log
-srvPort
52439
-job-worker-count
3
-background-job-worker-count
8
-gc-helper-count
1
Successfully changed project path to: C:/Users/손재윤/Backroom
C:/Users/손재윤/Backroom
[UnityMemory] Configuration Parameters - Can be set up in boot.config
    "memorysetup-bucket-allocator-granularity=16"
    "memorysetup-bucket-allocator-bucket-count=8"
    "memorysetup-bucket-allocator-block-size=33554432"
    "memorysetup-bucket-allocator-block-count=8"
    "memorysetup-main-allocator-block-size=16777216"
    "memorysetup-thread-allocator-block-size=16777216"
    "memorysetup-gfx-main-allocator-block-size=16777216"
    "memorysetup-gfx-thread-allocator-block-size=16777216"
    "memorysetup-cache-allocator-block-size=4194304"
    "memorysetup-typetree-allocator-block-size=2097152"
    "memorysetup-profiler-bucket-allocator-granularity=16"
    "memorysetup-profiler-bucket-allocator-bucket-count=8"
    "memorysetup-profiler-bucket-allocator-block-size=33554432"
    "memorysetup-profiler-bucket-allocator-block-count=8"
    "memorysetup-profiler-allocator-block-size=16777216"
    "memorysetup-profiler-editor-allocator-block-size=1048576"
    "memorysetup-temp-allocator-size-main=16777216"
    "memorysetup-job-temp-allocator-block-size=2097152"
    "memorysetup-job-temp-allocator-block-size-background=1048576"
    "memorysetup-job-temp-allocator-reduction-small-platforms=262144"
    "memorysetup-allocator-temp-initial-block-size-main=262144"
    "memorysetup-allocator-temp-initial-block-size-worker=262144"
    "memorysetup-temp-allocator-size-background-worker=32768"
    "memorysetup-temp-allocator-size-job-worker=262144"
    "memorysetup-temp-allocator-size-preload-manager=33554432"
    "memorysetup-temp-allocator-size-nav-mesh-worker=65536"
    "memorysetup-temp-allocator-size-audio-worker=65536"
    "memorysetup-temp-allocator-size-cloud-worker=32768"
    "memorysetup-temp-allocator-size-gi-baking-worker=262144"
    "memorysetup-temp-allocator-size-gi-baking-worker=262144"
    "memorysetup-temp-allocator-size-gi-baking-worker=262144"
    "memorysetup-temp-allocator-size-gi-baking-worker=262144"
    "memorysetup-temp-allocator-size-gi-baking-worker=262144"
    "memorysetup-temp-allocator-size-gfx=262144"
Player connection [8752]  Target information:

Player connection [8752] Host joined multi-casting on [225.0.0.222:54997]...
Player connection [8752] Host joined alternative multi-casting on [225.0.0.222:34997]...
JobSystem: Creating JobQueue using job-worker-count value 3
Input System module state changed to: Initialized.
[Physics::Module] Initialized fallback backend.
[Physics::Module] Id: 0xdecafbad
Library Redirect Path: Library/
[Physics::Module] Selected backend.
[Physics::Module] Name: PhysX
[Physics::Module] Id: 0xf2b8ea05
[Physics::Module] SDK Version: 4.1.2
[Physics::Module] Integration Version: 1.0.0
[Physics::Module] Threading Mode: Multi-Threaded
Refreshing native plugins compatible for Editor in 27.12 ms, found 3 plugins.
Preloading 0 native plugins for Editor in 0.00 ms.
Initialize engine version: 6000.0.48f1 (170d2541580d)
[Subsystems] Discovering subsystems at path C:/Program Files/Unity 6000.0.48f1/Editor/Data/Resources/UnitySubsystems
[Subsystems] Discovering subsystems at path C:/Users/손재윤/Backroom/Assets
GfxDevice: creating device client; kGfxThreadingModeNonThreaded
Direct3D:
    Version:  Direct3D 11.0 [level 11.1]
    Renderer: Intel(R) Iris(R) Xe Graphics (ID=0x9a49)
    Vendor:   Intel
    VRAM:     8028 MB
    Driver:   32.0.101.6874
Initialize mono
Mono path[0] = 'C:/Program Files/Unity 6000.0.48f1/Editor/Data/Managed'
Mono path[1] = 'C:/Program Files/Unity 6000.0.48f1/Editor/Data/MonoBleedingEdge/lib/mono/unityjit-win32'
Mono config path = 'C:/Program Files/Unity 6000.0.48f1/Editor/Data/MonoBleedingEdge/etc'
Using monoOptions --debugger-agent=transport=dt_socket,embedding=1,server=y,suspend=n,address=127.0.0.1:56760
Begin MonoManager ReloadAssembly
Registering precompiled unity dll's ...
Register platform support module: C:/Program Files/Unity 6000.0.48f1/Editor/Data/PlaybackEngines/WindowsStandaloneSupport/UnityEditor.WindowsStandalone.Extensions.dll
Registered in 0.030076 seconds.
- Loaded All Assemblies, in  4.445 seconds
Native extension for WindowsStandalone target not found
Mono: successfully reloaded assembly
- Finished resetting the current domain, in  3.433 seconds
Domain Reload Profiling: 7842ms
	BeginReloadAssembly (1836ms)
		ExecutionOrderSort (0ms)
		DisableScriptedObjects (0ms)
		BackupInstance (0ms)
		ReleaseScriptingObjects (0ms)
		CreateAndSetChildDomain (6ms)
	RebuildCommonClasses (576ms)
	RebuildNativeTypeToScriptingClass (83ms)
	initialDomainReloadingComplete (361ms)
	LoadAllAssembliesAndSetupDomain (1551ms)
		LoadAssemblies (1765ms)
		RebuildTransferFunctionScriptingTraits (0ms)
		AnalyzeDomain (1528ms)
			TypeCache.Refresh (1519ms)
				TypeCache.ScanAssembly (1424ms)
			BuildScriptInfoCaches (2ms)
			ResolveRequiredComponents (4ms)
	FinalizeReload (3435ms)
		ReleaseScriptCaches (0ms)
		RebuildScriptCaches (0ms)
		SetupLoadedEditorAssemblies (3104ms)
			LogAssemblyErrors (0ms)
			InitializePlatformSupportModulesInManaged (201ms)
			SetLoadedEditorAssemblies (33ms)
			BeforeProcessingInitializeOnLoad (999ms)
			ProcessInitializeOnLoadAttributes (979ms)
			ProcessInitializeOnLoadMethodAttributes (891ms)
			AfterProcessingInitializeOnLoad (0ms)
			EditorAssembliesLoaded (1ms)
		ExecutionOrderSort2 (0ms)
		AwakeInstancesAfterBackupRestoration (0ms)
========================================================================
Worker process is ready to serve import requests
Import Worker Mode flag is 0x00
Begin MonoManager ReloadAssembly
- Loaded All Assemblies, in  7.183 seconds
Refreshing native plugins compatible for Editor in 5.31 ms, found 3 plugins.
Native extension for WindowsStandalone target not found
Mono: successfully reloaded assembly
- Finished resetting the current domain, in  3.981 seconds
Domain Reload Profiling: 11068ms
	BeginReloadAssembly (1857ms)
		ExecutionOrderSort (0ms)
		DisableScriptedObjects (61ms)
		BackupInstance (0ms)
		ReleaseScriptingObjects (0ms)
		CreateAndSetChildDomain (170ms)
	RebuildCommonClasses (310ms)
	RebuildNativeTypeToScriptingClass (93ms)
	initialDomainReloadingComplete (399ms)
	LoadAllAssembliesAndSetupDomain (4425ms)
		LoadAssemblies (4281ms)
		RebuildTransferFunctionScriptingTraits (0ms)
		AnalyzeDomain (1507ms)
			TypeCache.Refresh (1251ms)
				TypeCache.ScanAssembly (1166ms)
			BuildScriptInfoCaches (210ms)
			ResolveRequiredComponents (36ms)
	FinalizeReload (3984ms)
		ReleaseScriptCaches (0ms)
		RebuildScriptCaches (0ms)
		SetupLoadedEditorAssemblies (2988ms)
			LogAssemblyErrors (0ms)
			InitializePlatformSupportModulesInManaged (8ms)
			SetLoadedEditorAssemblies (20ms)
			BeforeProcessingInitializeOnLoad (760ms)
			ProcessInitializeOnLoadAttributes (1889ms)
			ProcessInitializeOnLoadMethodAttributes (245ms)
			AfterProcessingInitializeOnLoad (64ms)
			EditorAssembliesLoaded (2ms)
		ExecutionOrderSort2 (0ms)
		AwakeInstancesAfterBackupRestoration (121ms)
Launched and connected shader compiler UnityShaderCompiler.exe after 0.13 seconds
Refreshing native plugins compatible for Editor in 6.12 ms, found 3 plugins.
Preloading 0 native plugins for Editor in 0.00 ms.
Unloading 199 Unused Serialized files (Serialized files now loaded: 0)
Unloading 5976 unused Assets / (6.0 MB). Loaded Objects now: 6627.
Memory consumption went from 153.1 MB to 147.1 MB.
Total: 26.388600 ms (FindLiveObjects: 1.220200 ms CreateObjectMapping: 1.243200 ms MarkObjects: 10.497400 ms  DeleteObjects: 13.424800 ms)

========================================================================
Received Prepare
Begin MonoManager ReloadAssembly
- Loaded All Assemblies, in  5.385 seconds
Refreshing native plugins compatible for Editor in 24.44 ms, found 3 plugins.
Native extension for WindowsStandalone target not found
Mono: successfully reloaded assembly
- Finished resetting the current domain, in 10.406 seconds
Domain Reload Profiling: 15749ms
	BeginReloadAssembly (1473ms)
		ExecutionOrderSort (0ms)
		DisableScriptedObjects (19ms)
		BackupInstance (0ms)
		ReleaseScriptingObjects (0ms)
		CreateAndSetChildDomain (141ms)
	RebuildCommonClasses (262ms)
	RebuildNativeTypeToScriptingClass (98ms)
	initialDomainReloadingComplete (212ms)
	LoadAllAssembliesAndSetupDomain (3295ms)
		LoadAssemblies (3157ms)
		RebuildTransferFunctionScriptingTraits (0ms)
		AnalyzeDomain (1268ms)
			TypeCache.Refresh (57ms)
				TypeCache.ScanAssembly (0ms)
			BuildScriptInfoCaches (1135ms)
			ResolveRequiredComponents (60ms)
	FinalizeReload (10409ms)
		ReleaseScriptCaches (0ms)
		RebuildScriptCaches (0ms)
		SetupLoadedEditorAssemblies (8420ms)
			LogAssemblyErrors (0ms)
			InitializePlatformSupportModulesInManaged (47ms)
			SetLoadedEditorAssemblies (94ms)
			BeforeProcessingInitializeOnLoad (1823ms)
			ProcessInitializeOnLoadAttributes (5044ms)
			ProcessInitializeOnLoadMethodAttributes (1320ms)
			AfterProcessingInitializeOnLoad (89ms)
			EditorAssembliesLoaded (3ms)
		ExecutionOrderSort2 (0ms)
		AwakeInstancesAfterBackupRestoration (161ms)
Refreshing native plugins compatible for Editor in 22.67 ms, found 3 plugins.
Preloading 0 native plugins for Editor in 0.00 ms.
Unloading 41 Unused Serialized files (Serialized files now loaded: 0)
Unloading 5972 unused Assets / (4.9 MB). Loaded Objects now: 6642.
Memory consumption went from 140.7 MB to 135.8 MB.
Total: 258.361300 ms (FindLiveObjects: 12.623300 ms CreateObjectMapping: 11.973100 ms MarkObjects: 202.654700 ms  DeleteObjects: 31.103200 ms)

Prepare: number of updated asset objects reloaded= 0
========================================================================
Received Import Request.
  Time since last request: 6753.262104 seconds.
  path: Assets/Asset/BackroomsLikeAsset/prefab/Tiles/Tiles_THalls_01_B.prefab
  artifactKey: Guid(f2adef08342e1434ba6ed2a2dcdb0443) Importer(815301076,1909f56bfc062723c751e8b465ee728b)
Start importing Assets/Asset/BackroomsLikeAsset/prefab/Tiles/Tiles_THalls_01_B.prefab using Guid(f2adef08342e1434ba6ed2a2dcdb0443) Importer(815301076,1909f56bfc062723c751e8b465ee728b) (PreviewImporter) -> (artifact id: '742fc5aaa54f7843926add070d262bb0') in 4.5106648 seconds
Number of updated asset objects reloaded before import = 0Number of asset objects unloaded after import = 30

========================================================================
Received Import Request.
  Time since last request: 117.817782 seconds.
  path: Assets/Readme.asset
  artifactKey: Guid(8105016687592461f977c054a80ce2f2) Importer(2089858483,192608db42251d675da83286b1cce702)
Start importing Assets/Readme.asset using Guid(8105016687592461f977c054a80ce2f2) Importer(2089858483,192608db42251d675da83286b1cce702) (ScriptedImporter) -> (artifact id: '14793a101af45a613c405e884b25d167') in 0.3745953 seconds
Number of updated asset objects reloaded before import = 0Number of asset objects unloaded after import = 2

========================================================================
Received Import Request.
  Time since last request: 0.000063 seconds.
  path: Assets/Asset/BackroomsLikeAsset/prefab/Tiles/Tiles_+Corner_01_B.prefab
  artifactKey: Guid(9e035c055a4d74f4f85477a73227a785) Importer(2089858483,192608db42251d675da83286b1cce702)
Start importing Assets/Asset/BackroomsLikeAsset/prefab/Tiles/Tiles_+Corner_01_B.prefab using Guid(9e035c055a4d74f4f85477a73227a785) Importer(2089858483,192608db42251d675da83286b1cce702) (ScriptedImporter) -> (artifact id: 'ede04f8d32c3781fd82f92ee5c01793c') in 0.1051454 seconds
Number of updated asset objects reloaded before import = 0Number of asset objects unloaded after import = 12

========================================================================
Received Import Request.
  Time since last request: 0.000041 seconds.
  path: Assets/Asset/BackroomsLikeAsset/prefab/Tiles/Tiles_+RoomEnd_01_B.prefab
  artifactKey: Guid(c039e0a7126fafb4ea781135df2504e8) Importer(2089858483,192608db42251d675da83286b1cce702)
Start importing Assets/Asset/BackroomsLikeAsset/prefab/Tiles/Tiles_+RoomEnd_01_B.prefab using Guid(c039e0a7126fafb4ea781135df2504e8) Importer(2089858483,192608db42251d675da83286b1cce702) (ScriptedImporter) -> (artifact id: '6ae0cd02ac5f1bc44ab1f2486adacf52') in 0.0197791 seconds
Number of updated asset objects reloaded before import = 0Number of asset objects unloaded after import = 12

========================================================================
Received Import Request.
  Time since last request: 0.000037 seconds.
  path: Assets/Asset/BackroomsLikeAsset/material/Ceiling_Office_Mat.mat
  artifactKey: Guid(59bf7e279cd8f544a8af8a444fedfe2f) Importer(2089858483,192608db42251d675da83286b1cce702)
Start importing Assets/Asset/BackroomsLikeAsset/material/Ceiling_Office_Mat.mat using Guid(59bf7e279cd8f544a8af8a444fedfe2f) Importer(2089858483,192608db42251d675da83286b1cce702) (ScriptedImporter) -> (artifact id: '91eb5a8cca973fbb7ed2529673fbd6ef') in 0.0368286 seconds
Number of updated asset objects reloaded before import = 0Number of asset objects unloaded after import = 9

========================================================================
Received Import Request.
  Time since last request: 0.000039 seconds.
  path: Assets/Asset/BackroomsLikeAsset/prefab/Tiles/Tiles_+RoomStairs_01_A.prefab
  artifactKey: Guid(2a7a4d1c004c83d49afef1a2f844f0c2) Importer(2089858483,192608db42251d675da83286b1cce702)
Start importing Assets/Asset/BackroomsLikeAsset/prefab/Tiles/Tiles_+RoomStairs_01_A.prefab using Guid(2a7a4d1c004c83d49afef1a2f844f0c2) Importer(2089858483,192608db42251d675da83286b1cce702) (ScriptedImporter) -> (artifact id: 'ac74350a509c248186a865b73588b2b3') in 0.0243604 seconds
Number of updated asset objects reloaded before import = 0Number of asset objects unloaded after import = 12

========================================================================
Received Import Request.
  Time since last request: 0.000047 seconds.
  path: Assets/Asset/BackroomsLikeAsset/prefab/Props/Props_Chair.prefab
  artifactKey: Guid(6498adaa7cd2d41499ad451f9804705c) Importer(2089858483,192608db42251d675da83286b1cce702)
Start importing Assets/Asset/BackroomsLikeAsset/prefab/Props/Props_Chair.prefab using Guid(6498adaa7cd2d41499ad451f9804705c) Importer(2089858483,192608db42251d675da83286b1cce702) (ScriptedImporter) -> (artifact id: '35cc3160768c7f5be3466d3403e88bde') in 0.0171006 seconds
Number of updated asset objects reloaded before import = 0Number of asset objects unloaded after import = 9

========================================================================
Received Import Request.
  Time since last request: 0.000028 seconds.
  path: Assets/Asset/BackroomsLikeAsset/prefab/Props/Props_PlugsB.prefab
  artifactKey: Guid(89ec447bb2662ca48b9440f4dc356d59) Importer(2089858483,192608db42251d675da83286b1cce702)
Start importing Assets/Asset/BackroomsLikeAsset/prefab/Props/Props_PlugsB.prefab using Guid(89ec447bb2662ca48b9440f4dc356d59) Importer(2089858483,192608db42251d675da83286b1cce702) (ScriptedImporter) -> (artifact id: '226ee15337715e8893202f53c394ad62') in 0.0255972 seconds
Number of updated asset objects reloaded before import = 0Number of asset objects unloaded after import = 9

========================================================================
Received Import Request.
  Time since last request: 0.000051 seconds.
  path: Assets/Asset/BackroomsLikeAsset/prefab/Tiles/Tiles_+Side_02_A.prefab
  artifactKey: Guid(d337ffa2f6484cd488bb9e0871f1868e) Importer(2089858483,192608db42251d675da83286b1cce702)
Start importing Assets/Asset/BackroomsLikeAsset/prefab/Tiles/Tiles_+Side_02_A.prefab using Guid(d337ffa2f6484cd488bb9e0871f1868e) Importer(2089858483,192608db42251d675da83286b1cce702) (ScriptedImporter) -> (artifact id: '13bd1b1299eeb39de55d60e962c1bcff') in 0.0379357 seconds
Number of updated asset objects reloaded before import = 0Number of asset objects unloaded after import = 12

========================================================================
Received Import Request.
  Time since last request: 0.000055 seconds.
  path: Assets/Asset/BackroomsLikeAsset/prefab/Tiles/Tiles_BasicCorner_02_D.prefab
  artifactKey: Guid(278e9bcfd6a9f3244bb5f194fa518d50) Importer(2089858483,192608db42251d675da83286b1cce702)
Start importing Assets/Asset/BackroomsLikeAsset/prefab/Tiles/Tiles_BasicCorner_02_D.prefab using Guid(278e9bcfd6a9f3244bb5f194fa518d50) Importer(2089858483,192608db42251d675da83286b1cce702) (ScriptedImporter) -> (artifact id: '8ab8cec86dabc866626edd741815790b') in 0.0368864 seconds
Number of updated asset objects reloaded before import = 0Number of asset objects unloaded after import = 12

========================================================================
Received Import Request.
  Time since last request: 0.000061 seconds.
  path: Assets/Settings/PC_RPAsset.asset
  artifactKey: Guid(4b83569d67af61e458304325a23e5dfd) Importer(2089858483,192608db42251d675da83286b1cce702)
Start importing Assets/Settings/PC_RPAsset.asset using Guid(4b83569d67af61e458304325a23e5dfd) Importer(2089858483,192608db42251d675da83286b1cce702) (ScriptedImporter) -> (artifact id: '36890541cd2d0bb441e4e7293d361fbf') in 0.3345679 seconds
Number of updated asset objects reloaded before import = 0Number of asset objects unloaded after import = 1

========================================================================
Received Import Request.
  Time since last request: 0.000148 seconds.
  path: Assets/Asset/BackroomsLikeAsset/prefab/Props/Props_Bucket.prefab
  artifactKey: Guid(b7bd3dbe97dbc4a4e8dc096038682fb6) Importer(2089858483,192608db42251d675da83286b1cce702)
Start importing Assets/Asset/BackroomsLikeAsset/prefab/Props/Props_Bucket.prefab using Guid(b7bd3dbe97dbc4a4e8dc096038682fb6) Importer(2089858483,192608db42251d675da83286b1cce702) (ScriptedImporter) -> (artifact id: '45f78d473c8c4907084a0c04f2e6be6b') in 0.4332871 seconds
Number of updated asset objects reloaded before import = 0Number of asset objects unloaded after import = 9

========================================================================
Received Import Request.
  Time since last request: 0.000138 seconds.
  path: Assets/Asset/BackroomsLikeAsset/prefab/Tiles/Tiles_BasicCorner_02_C.prefab
  artifactKey: Guid(9399f14c7a3f8be4593a59362dd08af1) Importer(2089858483,192608db42251d675da83286b1cce702)
Start importing Assets/Asset/BackroomsLikeAsset/prefab/Tiles/Tiles_BasicCorner_02_C.prefab using Guid(9399f14c7a3f8be4593a59362dd08af1) Importer(2089858483,192608db42251d675da83286b1cce702) (ScriptedImporter) -> (artifact id: '29ba5c8e6d71b848cb1d5019cc739433') in 0.158116 seconds
Number of updated asset objects reloaded before import = 0Number of asset objects unloaded after import = 12

========================================================================
Received Import Request.
  Time since last request: 0.000121 seconds.
  path: Assets/Asset/BackroomsLikeAsset/prefab/Props/Props_Locker.prefab
  artifactKey: Guid(4c5e2ed93e1657e48987e24141fce4d9) Importer(2089858483,192608db42251d675da83286b1cce702)
Start importing Assets/Asset/BackroomsLikeAsset/prefab/Props/Props_Locker.prefab using Guid(4c5e2ed93e1657e48987e24141fce4d9) Importer(2089858483,192608db42251d675da83286b1cce702) (ScriptedImporter) -> (artifact id: '90d683682f4546e298a1d96a7f4a5e81') in 0.0993 seconds
Number of updated asset objects reloaded before import = 0Number of asset objects unloaded after import = 19

========================================================================
Received Import Request.
  Time since last request: 0.000102 seconds.
  path: Assets/Asset/BackroomsLikeAsset/prefab/Debris/Debri_WallDebris_1.prefab
  artifactKey: Guid(2c3d69bce3c868d44a89134faa13c8f4) Importer(2089858483,192608db42251d675da83286b1cce702)
Start importing Assets/Asset/BackroomsLikeAsset/prefab/Debris/Debri_WallDebris_1.prefab using Guid(2c3d69bce3c868d44a89134faa13c8f4) Importer(2089858483,192608db42251d675da83286b1cce702) (ScriptedImporter) -> (artifact id: 'bf6a88f7c7ffa6065fecc9e99681c0b5') in 0.1512937 seconds
Number of updated asset objects reloaded before import = 0Number of asset objects unloaded after import = 10

========================================================================
Received Import Request.
  Time since last request: 0.000105 seconds.
  path: Assets/Asset/BackroomsLikeAsset/prefab/Tiles/Tiles_BasicCorner_03_C.prefab
  artifactKey: Guid(eeba9d6c1c02ed148b20923077179a68) Importer(2089858483,192608db42251d675da83286b1cce702)
Start importing Assets/Asset/BackroomsLikeAsset/prefab/Tiles/Tiles_BasicCorner_03_C.prefab using Guid(eeba9d6c1c02ed148b20923077179a68) Importer(2089858483,192608db42251d675da83286b1cce702) (ScriptedImporter) -> (artifact id: 'a99c6c9b557735874d7c31e1acc9469f') in 0.0744095 seconds
Number of updated asset objects reloaded before import = 0Number of asset objects unloaded after import = 12

========================================================================
Received Import Request.
  Time since last request: 0.000100 seconds.
  path: Assets/Asset/BackroomsLikeAsset/prefab/Tiles/Tiles_BasicCorner_04_D.prefab
  artifactKey: Guid(ce5c2495d79282f4ea399688b5225860) Importer(2089858483,192608db42251d675da83286b1cce702)
Start importing Assets/Asset/BackroomsLikeAsset/prefab/Tiles/Tiles_BasicCorner_04_D.prefab using Guid(ce5c2495d79282f4ea399688b5225860) Importer(2089858483,192608db42251d675da83286b1cce702) (ScriptedImporter) -> (artifact id: 'ce40e4e358dc3ccaf729e52ad5acd5af') in 0.1087993 seconds
Number of updated asset objects reloaded before import = 0Number of asset objects unloaded after import = 12

========================================================================
Received Import Request.
  Time since last request: 0.000129 seconds.
  path: Assets/Asset/BackroomsLikeAsset/prefab/Tiles/Tiles_+Room_Hole_01_C.prefab
  artifactKey: Guid(ebdc7b2d6ebc2d74cacbeee601cac618) Importer(2089858483,192608db42251d675da83286b1cce702)
Start importing Assets/Asset/BackroomsLikeAsset/prefab/Tiles/Tiles_+Room_Hole_01_C.prefab using Guid(ebdc7b2d6ebc2d74cacbeee601cac618) Importer(2089858483,192608db42251d675da83286b1cce702) (ScriptedImporter) -> (artifact id: '9dc979261b34a8251859d2e0d3a0f218') in 0.1335026 seconds
Number of updated asset objects reloaded before import = 0Number of asset objects unloaded after import = 13

========================================================================
Received Import Request.
  Time since last request: 0.000100 seconds.
  path: Assets/Asset/BackroomsLikeAsset/prefab/Debris/Debri_WallDebris_4.prefab
  artifactKey: Guid(2556c8342dac94449b20266bdbee2c82) Importer(2089858483,192608db42251d675da83286b1cce702)
Start importing Assets/Asset/BackroomsLikeAsset/prefab/Debris/Debri_WallDebris_4.prefab using Guid(2556c8342dac94449b20266bdbee2c82) Importer(2089858483,192608db42251d675da83286b1cce702) (ScriptedImporter) -> (artifact id: '9fd3366e257681903db446c67a66e56e') in 0.0750965 seconds
Number of updated asset objects reloaded before import = 0Number of asset objects unloaded after import = 10

========================================================================
Received Import Request.
  Time since last request: 0.000136 seconds.
  path: Assets/Asset/BackroomsLikeAsset/prefab/Tiles/Tiles_BasicSide_02_C.prefab
  artifactKey: Guid(af7fcc40c6c21014581f6c5b714a0442) Importer(2089858483,192608db42251d675da83286b1cce702)
Start importing Assets/Asset/BackroomsLikeAsset/prefab/Tiles/Tiles_BasicSide_02_C.prefab using Guid(af7fcc40c6c21014581f6c5b714a0442) Importer(2089858483,192608db42251d675da83286b1cce702) (ScriptedImporter) -> (artifact id: '12fdf2616f2dd42504b72b6610cc67e8') in 0.2974625 seconds
Number of updated asset objects reloaded before import = 0Number of asset objects unloaded after import = 12

========================================================================
Received Import Request.
  Time since last request: 0.000097 seconds.
  path: Assets/Asset/BackroomsLikeAsset/prefab/Tiles/Tiles_BasicCorner_06_B.prefab
  artifactKey: Guid(4850741279990b64e91bb6c0ffb60231) Importer(2089858483,192608db42251d675da83286b1cce702)
Start importing Assets/Asset/BackroomsLikeAsset/prefab/Tiles/Tiles_BasicCorner_06_B.prefab using Guid(4850741279990b64e91bb6c0ffb60231) Importer(2089858483,192608db42251d675da83286b1cce702) (ScriptedImporter) -> (artifact id: '97e97e2f428232c94df9061919f56334') in 0.1030176 seconds
Number of updated asset objects reloaded before import = 0Number of asset objects unloaded after import = 12

========================================================================
Received Import Request.
  Time since last request: 0.000144 seconds.
  path: Assets/Asset/BackroomsLikeAsset/prefab/Tiles/Tiles_T+Side_01_D.prefab
  artifactKey: Guid(ec4d80516b54a754b96db9841b3cc7cb) Importer(2089858483,192608db42251d675da83286b1cce702)
Start importing Assets/Asset/BackroomsLikeAsset/prefab/Tiles/Tiles_T+Side_01_D.prefab using Guid(ec4d80516b54a754b96db9841b3cc7cb) Importer(2089858483,192608db42251d675da83286b1cce702) (ScriptedImporter) -> (artifact id: '5e50ce56d66115bcdfd76ff69cc97119') in 0.4272475 seconds
Number of updated asset objects reloaded before import = 0Number of asset objects unloaded after import = 12

========================================================================
Received Import Request.
  Time since last request: 0.000169 seconds.
  path: Assets/Asset/BackroomsLikeAsset/prefab/Tiles/Tiles_BasicCorner_06_D.prefab
  artifactKey: Guid(68be1ed00d17d2845a85d4ddd518a97d) Importer(2089858483,192608db42251d675da83286b1cce702)
Start importing Assets/Asset/BackroomsLikeAsset/prefab/Tiles/Tiles_BasicCorner_06_D.prefab using Guid(68be1ed00d17d2845a85d4ddd518a97d) Importer(2089858483,192608db42251d675da83286b1cce702) (ScriptedImporter) -> (artifact id: 'f81d2d382d842de26aab160f655d5eb9') in 0.0608263 seconds
Number of updated asset objects reloaded before import = 0Number of asset objects unloaded after import = 12

========================================================================
Received Import Request.
  Time since last request: 0.000117 seconds.
  path: Assets/Asset/BackroomsLikeAsset/prefab/Debris/Debri_FloorDebris_3.prefab
  artifactKey: Guid(bc9fa22fc2f4b1b4db09d5865a4d8e09) Importer(2089858483,192608db42251d675da83286b1cce702)
Start importing Assets/Asset/BackroomsLikeAsset/prefab/Debris/Debri_FloorDebris_3.prefab using Guid(bc9fa22fc2f4b1b4db09d5865a4d8e09) Importer(2089858483,192608db42251d675da83286b1cce702) (ScriptedImporter) -> (artifact id: '4f9e7aafaf65b4a65b7e78d7a2162b12') in 0.1257528 seconds
Number of updated asset objects reloaded before import = 0Number of asset objects unloaded after import = 10

========================================================================
Received Import Request.
  Time since last request: 0.000090 seconds.
  path: Assets/Settings/Mobile_Renderer.asset
  artifactKey: Guid(65bc7dbf4170f435aa868c779acfb082) Importer(2089858483,192608db42251d675da83286b1cce702)
Start importing Assets/Settings/Mobile_Renderer.asset using Guid(65bc7dbf4170f435aa868c779acfb082) Importer(2089858483,192608db42251d675da83286b1cce702) (ScriptedImporter) -> (artifact id: 'ef1bed1f59b342fc20cfc469281474f3') in 0.1606718 seconds
Number of updated asset objects reloaded before import = 0Number of asset objects unloaded after import = 1

========================================================================
Received Import Request.
  Time since last request: 0.000086 seconds.
  path: Assets/Asset/BackroomsLikeAsset/prefab/Tiles/Tiles_T+Side_01_C.prefab
  artifactKey: Guid(9ada2049428545f4cb130917db2ff95a) Importer(2089858483,192608db42251d675da83286b1cce702)
Start importing Assets/Asset/BackroomsLikeAsset/prefab/Tiles/Tiles_T+Side_01_C.prefab using Guid(9ada2049428545f4cb130917db2ff95a) Importer(2089858483,192608db42251d675da83286b1cce702) (ScriptedImporter) -> (artifact id: '85781b1c5715366f64fcf126d07585b1') in 0.0646499 seconds
Number of updated asset objects reloaded before import = 0Number of asset objects unloaded after import = 12

========================================================================
Received Import Request.
  Time since last request: 0.000094 seconds.
  path: Assets/Asset/BackroomsLikeAsset/prefab/Tiles/Tiles_BasicCorner_05_B.prefab
  artifactKey: Guid(f50e46bede2c1d04aa26c3e249cc8f57) Importer(2089858483,192608db42251d675da83286b1cce702)
Start importing Assets/Asset/BackroomsLikeAsset/prefab/Tiles/Tiles_BasicCorner_05_B.prefab using Guid(f50e46bede2c1d04aa26c3e249cc8f57) Importer(2089858483,192608db42251d675da83286b1cce702) (ScriptedImporter) -> (artifact id: '029a3fe96d2a900b8209c34644ff5e30') in 0.1656992 seconds
Number of updated asset objects reloaded before import = 0Number of asset objects unloaded after import = 12

========================================================================
Received Import Request.
  Time since last request: 0.000121 seconds.
  path: Assets/Asset/BackroomsLikeAsset/prefab/Tiles/Tiles_T+Side_03_A.prefab
  artifactKey: Guid(400b2c3cf6bdda142b2f54b5bd3e4f9e) Importer(2089858483,192608db42251d675da83286b1cce702)
Start importing Assets/Asset/BackroomsLikeAsset/prefab/Tiles/Tiles_T+Side_03_A.prefab using Guid(400b2c3cf6bdda142b2f54b5bd3e4f9e) Importer(2089858483,192608db42251d675da83286b1cce702) (ScriptedImporter) -> (artifact id: 'a218d5d39f0124d7ced7218233f14da5') in 0.0910817 seconds
Number of updated asset objects reloaded before import = 0Number of asset objects unloaded after import = 12

========================================================================
Received Import Request.
  Time since last request: 0.000125 seconds.
  path: Assets/Asset/BackroomsLikeAsset/prefab/Tiles/Tiles_BasicCorner_01_A.prefab
  artifactKey: Guid(a9d17aa2e1c8d684db0d8b211e846b11) Importer(2089858483,192608db42251d675da83286b1cce702)
Start importing Assets/Asset/BackroomsLikeAsset/prefab/Tiles/Tiles_BasicCorner_01_A.prefab using Guid(a9d17aa2e1c8d684db0d8b211e846b11) Importer(2089858483,192608db42251d675da83286b1cce702) (ScriptedImporter) -> (artifact id: '3439ff1fc6f11555397204a8dae93052') in 0.0690178 seconds
Number of updated asset objects reloaded before import = 0Number of asset objects unloaded after import = 12

========================================================================
Received Import Request.
  Time since last request: 0.000191 seconds.
  path: Assets/Asset/BackroomsLikeAsset/prefab/Tiles/Tiles_T+Side_04_D.prefab
  artifactKey: Guid(08eb78c27c823284b823ec26022314c0) Importer(2089858483,192608db42251d675da83286b1cce702)
Start importing Assets/Asset/BackroomsLikeAsset/prefab/Tiles/Tiles_T+Side_04_D.prefab using Guid(08eb78c27c823284b823ec26022314c0) Importer(2089858483,192608db42251d675da83286b1cce702) (ScriptedImporter) -> (artifact id: '931724db50302675d738c9d917337aab') in 0.1163126 seconds
Number of updated asset objects reloaded before import = 0Number of asset objects unloaded after import = 12

========================================================================
Received Import Request.
  Time since last request: 0.000091 seconds.
  path: Assets/Asset/BackroomsLikeAsset/material/Wall_Painted_Mat.mat
  artifactKey: Guid(6b9632d6457e07a41aa3698301c9e91c) Importer(2089858483,192608db42251d675da83286b1cce702)
Start importing Assets/Asset/BackroomsLikeAsset/material/Wall_Painted_Mat.mat using Guid(6b9632d6457e07a41aa3698301c9e91c) Importer(2089858483,192608db42251d675da83286b1cce702) (ScriptedImporter) -> (artifact id: 'df40809875e880d37c275438fe21ae60') in 0.0474087 seconds
Number of updated asset objects reloaded before import = 0Number of asset objects unloaded after import = 8

========================================================================
Received Import Request.
  Time since last request: 0.000094 seconds.
  path: Assets/Asset/BackroomsLikeAsset/prefab/Tiles/Tiles_+Room_HoleFloorCeiling_01_B.prefab
  artifactKey: Guid(5909a4d0f26504d46bd484744dc8d0fa) Importer(2089858483,192608db42251d675da83286b1cce702)
Start importing Assets/Asset/BackroomsLikeAsset/prefab/Tiles/Tiles_+Room_HoleFloorCeiling_01_B.prefab using Guid(5909a4d0f26504d46bd484744dc8d0fa) Importer(2089858483,192608db42251d675da83286b1cce702) (ScriptedImporter) -> (artifact id: '3a3fc98ed21e7b8ca07d7ee9930ec1c4') in 0.0618992 seconds
Number of updated asset objects reloaded before import = 0Number of asset objects unloaded after import = 13

========================================================================
Received Import Request.
  Time since last request: 0.000087 seconds.
  path: Assets/Asset/BackroomsLikeAsset/prefab/Tiles/Tiles_BasicCorner_04_B.prefab
  artifactKey: Guid(54ee2a2a2a3e19445b33508deaafb19a) Importer(2089858483,192608db42251d675da83286b1cce702)
Start importing Assets/Asset/BackroomsLikeAsset/prefab/Tiles/Tiles_BasicCorner_04_B.prefab using Guid(54ee2a2a2a3e19445b33508deaafb19a) Importer(2089858483,192608db42251d675da83286b1cce702) (ScriptedImporter) -> (artifact id: 'aeac6a87496d1741262f2299417f646a') in 0.0608092 seconds
Number of updated asset objects reloaded before import = 0Number of asset objects unloaded after import = 12

========================================================================
Received Import Request.
  Time since last request: 0.000171 seconds.
  path: Assets/TutorialInfo/Scripts/Editor/ReadmeEditor.cs
  artifactKey: Guid(476cc7d7cd9874016adc216baab94a0a) Importer(2089858483,192608db42251d675da83286b1cce702)
Start importing Assets/TutorialInfo/Scripts/Editor/ReadmeEditor.cs using Guid(476cc7d7cd9874016adc216baab94a0a) Importer(2089858483,192608db42251d675da83286b1cce702) (ScriptedImporter) -> (artifact id: '8452ece66a3589f326ecf19fbcf921b3') in 0.0693454 seconds
Number of updated asset objects reloaded before import = 0Number of asset objects unloaded after import = 0

========================================================================
Received Import Request.
  Time since last request: 0.000081 seconds.
  path: Assets/Asset/BackroomsLikeAsset/prefab/Tiles/Tiles_TCornerSide_01_A.prefab
  artifactKey: Guid(a62180bfc7d4681488491fff16e4c6dc) Importer(2089858483,192608db42251d675da83286b1cce702)
Start importing Assets/Asset/BackroomsLikeAsset/prefab/Tiles/Tiles_TCornerSide_01_A.prefab using Guid(a62180bfc7d4681488491fff16e4c6dc) Importer(2089858483,192608db42251d675da83286b1cce702) (ScriptedImporter) -> (artifact id: 'cbaa6ee07a5c7ba6ee40daa32848d4fa') in 0.0565989 seconds
Number of updated asset objects reloaded before import = 0Number of asset objects unloaded after import = 12

========================================================================
Received Import Request.
  Time since last request: 0.000090 seconds.
  path: Assets/Asset/BackroomsLikeAsset/prefab/Tiles/Tiles_TCornerSide_02_B.prefab
  artifactKey: Guid(a9d584b1e2d6a71448de6e7ce81d3c2d) Importer(2089858483,192608db42251d675da83286b1cce702)
Start importing Assets/Asset/BackroomsLikeAsset/prefab/Tiles/Tiles_TCornerSide_02_B.prefab using Guid(a9d584b1e2d6a71448de6e7ce81d3c2d) Importer(2089858483,192608db42251d675da83286b1cce702) (ScriptedImporter) -> (artifact id: '56649d7a0b8cb09933999f64b9863f86') in 0.0536902 seconds
Number of updated asset objects reloaded before import = 0Number of asset objects unloaded after import = 12

========================================================================
Received Import Request.
  Time since last request: 0.000081 seconds.
  path: Assets/Asset/BackroomsLikeAsset/prefab/Tiles/Tiles_T+Side_03_B.prefab
  artifactKey: Guid(1893533709b6d804bb476400c8f727f6) Importer(2089858483,192608db42251d675da83286b1cce702)
Start importing Assets/Asset/BackroomsLikeAsset/prefab/Tiles/Tiles_T+Side_03_B.prefab using Guid(1893533709b6d804bb476400c8f727f6) Importer(2089858483,192608db42251d675da83286b1cce702) (ScriptedImporter) -> (artifact id: '5f026428b3035c6ec819ba15be7e3e94') in 0.0703897 seconds
Number of updated asset objects reloaded before import = 0Number of asset objects unloaded after import = 12

========================================================================
Received Import Request.
  Time since last request: 0.000117 seconds.
  path: Assets/Settings/PC_Renderer.asset
  artifactKey: Guid(f288ae1f4751b564a96ac7587541f7a2) Importer(2089858483,192608db42251d675da83286b1cce702)
Start importing Assets/Settings/PC_Renderer.asset using Guid(f288ae1f4751b564a96ac7587541f7a2) Importer(2089858483,192608db42251d675da83286b1cce702) (ScriptedImporter) -> (artifact id: '81715a7e21d2814fe01d32731960b6c9') in 0.056826 seconds
Number of updated asset objects reloaded before import = 0Number of asset objects unloaded after import = 1

========================================================================
Received Import Request.
  Time since last request: 0.000056 seconds.
  path: Assets/Asset/BackroomsLikeAsset/prefab/Tiles/Tiles_TCornerSide_04_B.prefab
  artifactKey: Guid(c00e8b662af8a114699797dd99014293) Importer(2089858483,192608db42251d675da83286b1cce702)
Start importing Assets/Asset/BackroomsLikeAsset/prefab/Tiles/Tiles_TCornerSide_04_B.prefab using Guid(c00e8b662af8a114699797dd99014293) Importer(2089858483,192608db42251d675da83286b1cce702) (ScriptedImporter) -> (artifact id: '784750c1368e41573f20a8b7365ca183') in 0.0516242 seconds
Number of updated asset objects reloaded before import = 0Number of asset objects unloaded after import = 12

========================================================================
Received Import Request.
  Time since last request: 0.000116 seconds.
  path: Assets/Asset/BackroomsLikeAsset/prefab/Tiles/Tiles_BasicCorner_05_C.prefab
  artifactKey: Guid(5b1f3fa50529ed84b9d1bab06a233301) Importer(2089858483,192608db42251d675da83286b1cce702)
Start importing Assets/Asset/BackroomsLikeAsset/prefab/Tiles/Tiles_BasicCorner_05_C.prefab using Guid(5b1f3fa50529ed84b9d1bab06a233301) Importer(2089858483,192608db42251d675da83286b1cce702) (ScriptedImporter) -> (artifact id: '23da850cf6798f253583665dadc09bb9') in 0.0653787 seconds
Number of updated asset objects reloaded before import = 0Number of asset objects unloaded after import = 12

========================================================================
Received Import Request.
  Time since last request: 0.000066 seconds.
  path: Assets/Asset/BackroomsLikeAsset/prefab/Tiles/Tiles_TCorner_02_C.prefab
  artifactKey: Guid(8a5c9a25503d809409564a4b49ea4467) Importer(2089858483,192608db42251d675da83286b1cce702)
Start importing Assets/Asset/BackroomsLikeAsset/prefab/Tiles/Tiles_TCorner_02_C.prefab using Guid(8a5c9a25503d809409564a4b49ea4467) Importer(2089858483,192608db42251d675da83286b1cce702) (ScriptedImporter) -> (artifact id: '004d53f6203c5d8e029bcaf1b209ef7c') in 0.0226298 seconds
Number of updated asset objects reloaded before import = 0Number of asset objects unloaded after import = 12

========================================================================
Received Import Request.
  Time since last request: 0.000117 seconds.
  path: Assets/Asset/BackroomsLikeAsset/prefab/Tiles/Tiles_BasicCorner_02_B.prefab
  artifactKey: Guid(df2006c24fa0c0a489913711ec5814c3) Importer(2089858483,192608db42251d675da83286b1cce702)
Start importing Assets/Asset/BackroomsLikeAsset/prefab/Tiles/Tiles_BasicCorner_02_B.prefab using Guid(df2006c24fa0c0a489913711ec5814c3) Importer(2089858483,192608db42251d675da83286b1cce702) (ScriptedImporter) -> (artifact id: 'bfa50a1602899713c42d69fae93c211f') in 0.140048 seconds
Number of updated asset objects reloaded before import = 0Number of asset objects unloaded after import = 12

========================================================================
Received Import Request.
  Time since last request: 0.000115 seconds.
  path: Assets/Asset/BackroomsLikeAsset/prefab/Tiles/Tiles_TCorner_03_B.prefab
  artifactKey: Guid(db7e5e0d5b0edd24c8a7445b3cdce59e) Importer(2089858483,192608db42251d675da83286b1cce702)
Start importing Assets/Asset/BackroomsLikeAsset/prefab/Tiles/Tiles_TCorner_03_B.prefab using Guid(db7e5e0d5b0edd24c8a7445b3cdce59e) Importer(2089858483,192608db42251d675da83286b1cce702) (ScriptedImporter) -> (artifact id: '1ec1f2cd03a90a7d4f4d9c8af98588f0') in 0.0630454 seconds
Number of updated asset objects reloaded before import = 0Number of asset objects unloaded after import = 12

========================================================================
Received Import Request.
  Time since last request: 0.000121 seconds.
  path: Assets/Asset/BackroomsLikeAsset/prefab/Tiles/Tiles_TCorner_03_D.prefab
  artifactKey: Guid(f445f58c52ec2ba46ac2f1e94bde4748) Importer(2089858483,192608db42251d675da83286b1cce702)
Start importing Assets/Asset/BackroomsLikeAsset/prefab/Tiles/Tiles_TCorner_03_D.prefab using Guid(f445f58c52ec2ba46ac2f1e94bde4748) Importer(2089858483,192608db42251d675da83286b1cce702) (ScriptedImporter) -> (artifact id: '98ef507e51d134778f0b4c48c769b1dc') in 0.0638543 seconds
Number of updated asset objects reloaded before import = 0Number of asset objects unloaded after import = 12

========================================================================
Received Import Request.
  Time since last request: 0.000074 seconds.
  path: Assets/Asset/BackroomsLikeAsset/prefab/Tiles/Tiles_TCorner_04_B.prefab
  artifactKey: Guid(3f4f400fd7ae9f346ae681378642ff51) Importer(2089858483,192608db42251d675da83286b1cce702)
Start importing Assets/Asset/BackroomsLikeAsset/prefab/Tiles/Tiles_TCorner_04_B.prefab using Guid(3f4f400fd7ae9f346ae681378642ff51) Importer(2089858483,192608db42251d675da83286b1cce702) (ScriptedImporter) -> (artifact id: '8a18d2459127740b62cb4212735e0f53') in 0.1416003 seconds
Number of updated asset objects reloaded before import = 0Number of asset objects unloaded after import = 12

========================================================================
Received Import Request.
  Time since last request: 0.000099 seconds.
  path: Assets/Asset/BackroomsLikeAsset/prefab/Tiles/Tiles_T+_03_A.prefab
  artifactKey: Guid(1619ed38a30d8ac48931159f89a77334) Importer(2089858483,192608db42251d675da83286b1cce702)
Start importing Assets/Asset/BackroomsLikeAsset/prefab/Tiles/Tiles_T+_03_A.prefab using Guid(1619ed38a30d8ac48931159f89a77334) Importer(2089858483,192608db42251d675da83286b1cce702) (ScriptedImporter) -> (artifact id: '59ea6cff1b4ac151478e854310e57743') in 0.055828 seconds
Number of updated asset objects reloaded before import = 0Number of asset objects unloaded after import = 12

========================================================================
Received Import Request.
  Time since last request: 0.000084 seconds.
  path: Assets/Asset/BackroomsLikeAsset/prefab/Tiles/Tiles_+Corner_01_D.prefab
  artifactKey: Guid(d9075f40aceae6c4dbbff497066fd151) Importer(2089858483,192608db42251d675da83286b1cce702)
Start importing Assets/Asset/BackroomsLikeAsset/prefab/Tiles/Tiles_+Corner_01_D.prefab using Guid(d9075f40aceae6c4dbbff497066fd151) Importer(2089858483,192608db42251d675da83286b1cce702) (ScriptedImporter) -> (artifact id: 'ab76edbfe812b71b2dad75fc5d46b909') in 0.0544502 seconds
Number of updated asset objects reloaded before import = 0Number of asset objects unloaded after import = 12

========================================================================
Received Import Request.
  Time since last request: 0.000108 seconds.
  path: Assets/Asset/BackroomsLikeAsset/prefab/Tiles/Tiles_+RoomStairs_01_D.prefab
  artifactKey: Guid(f849e415d5af1bd45a30e2db02725b30) Importer(2089858483,192608db42251d675da83286b1cce702)
Start importing Assets/Asset/BackroomsLikeAsset/prefab/Tiles/Tiles_+RoomStairs_01_D.prefab using Guid(f849e415d5af1bd45a30e2db02725b30) Importer(2089858483,192608db42251d675da83286b1cce702) (ScriptedImporter) -> (artifact id: '7c86e772507ccfd0925a1c24191b1909') in 0.0891988 seconds
Number of updated asset objects reloaded before import = 0Number of asset objects unloaded after import = 12

========================================================================
Received Import Request.
  Time since last request: 0.000115 seconds.
  path: Assets/Asset/BackroomsLikeAsset/prefab/Tiles/Tiles_TStairs_01_C.prefab
  artifactKey: Guid(3744b63ea12210a4cbfcf7a00b457f84) Importer(2089858483,192608db42251d675da83286b1cce702)
Start importing Assets/Asset/BackroomsLikeAsset/prefab/Tiles/Tiles_TStairs_01_C.prefab using Guid(3744b63ea12210a4cbfcf7a00b457f84) Importer(2089858483,192608db42251d675da83286b1cce702) (ScriptedImporter) -> (artifact id: 'acf7e3ea4066cdde91b74d13b0f0d87f') in 0.0908134 seconds
Number of updated asset objects reloaded before import = 0Number of asset objects unloaded after import = 12

========================================================================
Received Import Request.
  Time since last request: 0.000118 seconds.
  path: Assets/Asset/BackroomsLikeAsset/prefab/Tiles/Tiles_THalls_01_D.prefab
  artifactKey: Guid(7eb7d757dc5da184d80827139b713253) Importer(2089858483,192608db42251d675da83286b1cce702)
Start importing Assets/Asset/BackroomsLikeAsset/prefab/Tiles/Tiles_THalls_01_D.prefab using Guid(7eb7d757dc5da184d80827139b713253) Importer(2089858483,192608db42251d675da83286b1cce702) (ScriptedImporter) -> (artifact id: '345a1064f86a8265253ff289390032e4') in 0.0660889 seconds
Number of updated asset objects reloaded before import = 0Number of asset objects unloaded after import = 12

========================================================================
Received Import Request.
  Time since last request: 0.000079 seconds.
  path: Assets/Asset/BackroomsLikeAsset/prefab/Tiles/Tiles_TStairs_02_B.prefab
  artifactKey: Guid(fbebcf2781fed7146b78d2cb0b8f390a) Importer(2089858483,192608db42251d675da83286b1cce702)
Start importing Assets/Asset/BackroomsLikeAsset/prefab/Tiles/Tiles_TStairs_02_B.prefab using Guid(fbebcf2781fed7146b78d2cb0b8f390a) Importer(2089858483,192608db42251d675da83286b1cce702) (ScriptedImporter) -> (artifact id: '53ae56316cc2ae83b4f7f7423d1ea0de') in 0.0859565 seconds
Number of updated asset objects reloaded before import = 0Number of asset objects unloaded after import = 12

========================================================================
Received Import Request.
  Time since last request: 0.000111 seconds.
  path: Assets/Asset/BackroomsLikeAsset/prefab/Tiles/Tiles_THalls_01_B.prefab
  artifactKey: Guid(f2adef08342e1434ba6ed2a2dcdb0443) Importer(2089858483,192608db42251d675da83286b1cce702)
Start importing Assets/Asset/BackroomsLikeAsset/prefab/Tiles/Tiles_THalls_01_B.prefab using Guid(f2adef08342e1434ba6ed2a2dcdb0443) Importer(2089858483,192608db42251d675da83286b1cce702) (ScriptedImporter) -> (artifact id: '1a3f61b966106ec704cc6fef4736cbdb') in 0.0794889 seconds
Number of updated asset objects reloaded before import = 0Number of asset objects unloaded after import = 12

========================================================================
Received Import Request.
  Time since last request: 0.000072 seconds.
  path: Assets/Asset/BackroomsLikeAsset/prefab/Walls/WallDoor_B.prefab
  artifactKey: Guid(2945ee05d21776c4ea20337d39044807) Importer(2089858483,192608db42251d675da83286b1cce702)
Start importing Assets/Asset/BackroomsLikeAsset/prefab/Walls/WallDoor_B.prefab using Guid(2945ee05d21776c4ea20337d39044807) Importer(2089858483,192608db42251d675da83286b1cce702) (ScriptedImporter) -> (artifact id: 'e3671d571b2aa0094afad9ac72395cc7') in 0.0637094 seconds
Number of updated asset objects reloaded before import = 0Number of asset objects unloaded after import = 10

========================================================================
Received Import Request.
  Time since last request: 0.000092 seconds.
  path: Assets/Asset/BackroomsLikeAsset/prefab/Tiles/Tiles_TCorner_01_D.prefab
  artifactKey: Guid(7556bf14e4b298e4aa07e344841fd0da) Importer(2089858483,192608db42251d675da83286b1cce702)
Start importing Assets/Asset/BackroomsLikeAsset/prefab/Tiles/Tiles_TCorner_01_D.prefab using Guid(7556bf14e4b298e4aa07e344841fd0da) Importer(2089858483,192608db42251d675da83286b1cce702) (ScriptedImporter) -> (artifact id: '6e46d21e025d71d30673d4cb1cf93af2') in 0.0898296 seconds
Number of updated asset objects reloaded before import = 0Number of asset objects unloaded after import = 12

========================================================================
Received Import Request.
  Time since last request: 0.000084 seconds.
  path: Assets/Asset/BackroomsLikeAsset/prefab/Tiles/Tiles_TCorner_02_B.prefab
  artifactKey: Guid(6d2e035317b8f9b4b8b8b7ea78ae3bd5) Importer(2089858483,192608db42251d675da83286b1cce702)
Start importing Assets/Asset/BackroomsLikeAsset/prefab/Tiles/Tiles_TCorner_02_B.prefab using Guid(6d2e035317b8f9b4b8b8b7ea78ae3bd5) Importer(2089858483,192608db42251d675da83286b1cce702) (ScriptedImporter) -> (artifact id: '4de3302cd7438048d2cdda271d4477aa') in 0.0466557 seconds
Number of updated asset objects reloaded before import = 0Number of asset objects unloaded after import = 12

========================================================================
Received Import Request.
  Time since last request: 0.000113 seconds.
  path: Assets/Asset/BackroomsLikeAsset/prefab/Walls/WallHole_B.prefab
  artifactKey: Guid(209d26d69a2e8a149913533a64856bab) Importer(2089858483,192608db42251d675da83286b1cce702)
Start importing Assets/Asset/BackroomsLikeAsset/prefab/Walls/WallHole_B.prefab using Guid(209d26d69a2e8a149913533a64856bab) Importer(2089858483,192608db42251d675da83286b1cce702) (ScriptedImporter) -> (artifact id: 'e0fcf6c42e1da8aaae53e64e91504da2') in 0.084449 seconds
Number of updated asset objects reloaded before import = 0Number of asset objects unloaded after import = 18

========================================================================
Received Import Request.
  Time since last request: 0.000084 seconds.
  path: Assets/Asset/BackroomsLikeAsset/prefab/Walls/Wall_2m_Door_A.prefab
  artifactKey: Guid(872e675da07ca6d4c9a552e9dc531f82) Importer(2089858483,192608db42251d675da83286b1cce702)
Start importing Assets/Asset/BackroomsLikeAsset/prefab/Walls/Wall_2m_Door_A.prefab using Guid(872e675da07ca6d4c9a552e9dc531f82) Importer(2089858483,192608db42251d675da83286b1cce702) (ScriptedImporter) -> (artifact id: 'ff1179c806acd5b032a4e86c1e466395') in 0.0533026 seconds
Number of updated asset objects reloaded before import = 0Number of asset objects unloaded after import = 10

========================================================================
Received Import Request.
  Time since last request: 0.000089 seconds.
  path: Assets/Asset/BackroomsLikeAsset/prefab/Walls/Wall_2m_Window.prefab
  artifactKey: Guid(c7a231c23ac0ca242a97060777e25d97) Importer(2089858483,192608db42251d675da83286b1cce702)
Start importing Assets/Asset/BackroomsLikeAsset/prefab/Walls/Wall_2m_Window.prefab using Guid(c7a231c23ac0ca242a97060777e25d97) Importer(2089858483,192608db42251d675da83286b1cce702) (ScriptedImporter) -> (artifact id: '1924647378eb6936148a558f2d3f909f') in 0.0444788 seconds
Number of updated asset objects reloaded before import = 0Number of asset objects unloaded after import = 10

========================================================================
Received Import Request.
  Time since last request: 0.000091 seconds.
  path: Assets/Asset/BackroomsLikeAsset/prefab/Tiles/Tiles_+Halls_01_B.prefab
  artifactKey: Guid(fbe3a8ebb33464d48b5897783158ce7f) Importer(2089858483,192608db42251d675da83286b1cce702)
Start importing Assets/Asset/BackroomsLikeAsset/prefab/Tiles/Tiles_+Halls_01_B.prefab using Guid(fbe3a8ebb33464d48b5897783158ce7f) Importer(2089858483,192608db42251d675da83286b1cce702) (ScriptedImporter) -> (artifact id: '6ea3383e64c7bb9a93c4f0fb8de0c94c') in 0.0646394 seconds
Number of updated asset objects reloaded before import = 0Number of asset objects unloaded after import = 12

========================================================================
Received Import Request.
  Time since last request: 0.000095 seconds.
  path: Assets/Asset/BackroomsLikeAsset/material/Floor_Carpet_Mat.mat
  artifactKey: Guid(929dc3bf41496594cbcd3d4badf496d4) Importer(2089858483,192608db42251d675da83286b1cce702)
Start importing Assets/Asset/BackroomsLikeAsset/material/Floor_Carpet_Mat.mat using Guid(929dc3bf41496594cbcd3d4badf496d4) Importer(2089858483,192608db42251d675da83286b1cce702) (ScriptedImporter) -> (artifact id: 'ec895815d61858f775aeb3503a4d8a61') in 0.0809674 seconds
Number of updated asset objects reloaded before import = 0Number of asset objects unloaded after import = 8

========================================================================
Received Import Request.
  Time since last request: 0.000068 seconds.
  path: Assets/Asset/BackroomsLikeAsset/prefab/Tiles/Tiles_+Room_HoleFloor_01_C.prefab
  artifactKey: Guid(bfef5f314d21d394eaa76e1bf803f661) Importer(2089858483,192608db42251d675da83286b1cce702)
Start importing Assets/Asset/BackroomsLikeAsset/prefab/Tiles/Tiles_+Room_HoleFloor_01_C.prefab using Guid(bfef5f314d21d394eaa76e1bf803f661) Importer(2089858483,192608db42251d675da83286b1cce702) (ScriptedImporter) -> (artifact id: 'bc875798ce0ee6ec6a08cd8bdc62f9cb') in 0.0526567 seconds
Number of updated asset objects reloaded before import = 0Number of asset objects unloaded after import = 13

========================================================================
Received Import Request.
  Time since last request: 0.000094 seconds.
  path: Assets/Asset/BackroomsLikeAsset/prefab/Tiles/Tiles_+Room_HoleCeiling_01_B.prefab
  artifactKey: Guid(11ed12435798d0341b6d447bdb854dd7) Importer(2089858483,192608db42251d675da83286b1cce702)
Start importing Assets/Asset/BackroomsLikeAsset/prefab/Tiles/Tiles_+Room_HoleCeiling_01_B.prefab using Guid(11ed12435798d0341b6d447bdb854dd7) Importer(2089858483,192608db42251d675da83286b1cce702) (ScriptedImporter) -> (artifact id: '3aa9d1c8d50329e3ee8618219db2e673') in 0.0655098 seconds
Number of updated asset objects reloaded before import = 0Number of asset objects unloaded after import = 13

========================================================================
Received Import Request.
  Time since last request: 0.000077 seconds.
  path: Assets/Asset/BackroomsLikeAsset/prefab/Tiles/Tiles_BasicCorner_05_D.prefab
  artifactKey: Guid(973c5fa602593b64d8262744e4d4945d) Importer(2089858483,192608db42251d675da83286b1cce702)
Start importing Assets/Asset/BackroomsLikeAsset/prefab/Tiles/Tiles_BasicCorner_05_D.prefab using Guid(973c5fa602593b64d8262744e4d4945d) Importer(2089858483,192608db42251d675da83286b1cce702) (ScriptedImporter) -> (artifact id: '6aca8c174204bc7c2abced78f10c1c07') in 0.0851961 seconds
Number of updated asset objects reloaded before import = 0Number of asset objects unloaded after import = 12

========================================================================
Received Import Request.
  Time since last request: 0.001021 seconds.
  path: Assets/Asset/BackroomsLikeAsset/prefab/Props/Props_Chest.prefab
  artifactKey: Guid(385aff8a0cfab61479f946de511fd592) Importer(2089858483,192608db42251d675da83286b1cce702)
Start importing Assets/Asset/BackroomsLikeAsset/prefab/Props/Props_Chest.prefab using Guid(385aff8a0cfab61479f946de511fd592) Importer(2089858483,192608db42251d675da83286b1cce702) (ScriptedImporter) -> (artifact id: 'cb2b1036bd13636fabc0b7485344f666') in 0.0554797 seconds
Number of updated asset objects reloaded before import = 0Number of asset objects unloaded after import = 19

========================================================================
Received Import Request.
  Time since last request: 0.000081 seconds.
  path: Assets/Asset/BackroomsLikeAsset/prefab/Props/Props_Table1.prefab
  artifactKey: Guid(9f830a8bddd0fbd44b46c6f367d62a4b) Importer(2089858483,192608db42251d675da83286b1cce702)
Start importing Assets/Asset/BackroomsLikeAsset/prefab/Props/Props_Table1.prefab using Guid(9f830a8bddd0fbd44b46c6f367d62a4b) Importer(2089858483,192608db42251d675da83286b1cce702) (ScriptedImporter) -> (artifact id: '428af40dea65b65687029bc8f8a13592') in 0.043091 seconds
Number of updated asset objects reloaded before import = 0Number of asset objects unloaded after import = 9

========================================================================
Received Import Request.
  Time since last request: 0.000103 seconds.
  path: Assets/Asset/BackroomsLikeAsset/prefab/Debris/Debri_WallDebris_3.prefab
  artifactKey: Guid(248ab3f988ea00e4c8ae716c86563034) Importer(2089858483,192608db42251d675da83286b1cce702)
Start importing Assets/Asset/BackroomsLikeAsset/prefab/Debris/Debri_WallDebris_3.prefab using Guid(248ab3f988ea00e4c8ae716c86563034) Importer(2089858483,192608db42251d675da83286b1cce702) (ScriptedImporter) -> (artifact id: '5d5a76a61b968e727e31d4535a28649b') in 0.0472529 seconds
Number of updated asset objects reloaded before import = 0Number of asset objects unloaded after import = 10

========================================================================
Received Import Request.
  Time since last request: 0.000130 seconds.
  path: Assets/Asset/BackroomsLikeAsset/textures/PropSet/Base Color_PropSet.png
  artifactKey: Guid(441a56225e96ed540bebc0295dcafa5f) Importer(2089858483,192608db42251d675da83286b1cce702)
Start importing Assets/Asset/BackroomsLikeAsset/textures/PropSet/Base Color_PropSet.png using Guid(441a56225e96ed540bebc0295dcafa5f) Importer(2089858483,192608db42251d675da83286b1cce702) (ScriptedImporter) -> (artifact id: '320da58047fff231ab4d8db0696dbf67') in 0.293711 seconds
Number of updated asset objects reloaded before import = 0Number of asset objects unloaded after import = 1

========================================================================
Received Import Request.
  Time since last request: 0.000063 seconds.
  path: Assets/Asset/BackroomsLikeAsset/textures/WallTrims/WallTrim_MRAo.png
  artifactKey: Guid(b247cf7353a8d4c4299a06f47209669e) Importer(2089858483,192608db42251d675da83286b1cce702)
Start importing Assets/Asset/BackroomsLikeAsset/textures/WallTrims/WallTrim_MRAo.png using Guid(b247cf7353a8d4c4299a06f47209669e) Importer(2089858483,192608db42251d675da83286b1cce702) (ScriptedImporter) -> (artifact id: 'ca6e77ee0e2395854d78b37f12361d6c') in 0.0388204 seconds
Number of updated asset objects reloaded before import = 0Number of asset objects unloaded after import = 1

========================================================================
Received Import Request.
  Time since last request: 0.000279 seconds.
  path: Assets/Asset/BackroomsLikeAsset/prefab/Tiles/Tiles_BasicCorner_06_C.prefab
  artifactKey: Guid(41050271504953940899a8a51457fcf1) Importer(2089858483,192608db42251d675da83286b1cce702)
Start importing Assets/Asset/BackroomsLikeAsset/prefab/Tiles/Tiles_BasicCorner_06_C.prefab using Guid(41050271504953940899a8a51457fcf1) Importer(2089858483,192608db42251d675da83286b1cce702) (ScriptedImporter) -> (artifact id: '0a9effef4a035131579b9ed4e00be717') in 0.2695788 seconds
Number of updated asset objects reloaded before import = 0Number of asset objects unloaded after import = 12

========================================================================
Received Import Request.
  Time since last request: 0.000100 seconds.
  path: Assets/Asset/BackroomsLikeAsset/prefab/Tiles/Tiles_+RoomEnd_01_A.prefab
  artifactKey: Guid(c9e3c9f999ee34e43bea53b8529f6121) Importer(2089858483,192608db42251d675da83286b1cce702)
Start importing Assets/Asset/BackroomsLikeAsset/prefab/Tiles/Tiles_+RoomEnd_01_A.prefab using Guid(c9e3c9f999ee34e43bea53b8529f6121) Importer(2089858483,192608db42251d675da83286b1cce702) (ScriptedImporter) -> (artifact id: '41a76050405c8ce53806216610aae70c') in 0.0605544 seconds
Number of updated asset objects reloaded before import = 0Number of asset objects unloaded after import = 12

========================================================================
Received Import Request.
  Time since last request: 0.000097 seconds.
  path: Assets/Settings/Mobile_RPAsset.asset
  artifactKey: Guid(5e6cbd92db86f4b18aec3ed561671858) Importer(2089858483,192608db42251d675da83286b1cce702)
Start importing Assets/Settings/Mobile_RPAsset.asset using Guid(5e6cbd92db86f4b18aec3ed561671858) Importer(2089858483,192608db42251d675da83286b1cce702) (ScriptedImporter) -> (artifact id: 'a8efb71432cfb706b2f645e35cfb8ddd') in 0.1560444 seconds
Number of updated asset objects reloaded before import = 0Number of asset objects unloaded after import = 2

========================================================================
Received Import Request.
  Time since last request: 0.000092 seconds.
  path: Assets/Asset/BackroomsLikeAsset/prefab/Tiles/Tiles_+Room_HoleFloorCeiling_01_D.prefab
  artifactKey: Guid(ba7b68fded8d73b4db49e9f20c8d847d) Importer(2089858483,192608db42251d675da83286b1cce702)
Start importing Assets/Asset/BackroomsLikeAsset/prefab/Tiles/Tiles_+Room_HoleFloorCeiling_01_D.prefab using Guid(ba7b68fded8d73b4db49e9f20c8d847d) Importer(2089858483,192608db42251d675da83286b1cce702) (ScriptedImporter) -> (artifact id: 'c1eb128150f70528ab5863d9604e2cfa') in 0.1280368 seconds
Number of updated asset objects reloaded before import = 0Number of asset objects unloaded after import = 13

========================================================================
Received Import Request.
  Time since last request: 0.000094 seconds.
  path: Assets/Asset/BackroomsLikeAsset/prefab/Tiles/Tiles_T+_01_B.prefab
  artifactKey: Guid(3288a1ac654cb6546be4494dcabaff22) Importer(2089858483,192608db42251d675da83286b1cce702)
Start importing Assets/Asset/BackroomsLikeAsset/prefab/Tiles/Tiles_T+_01_B.prefab using Guid(3288a1ac654cb6546be4494dcabaff22) Importer(2089858483,192608db42251d675da83286b1cce702) (ScriptedImporter) -> (artifact id: '29c66bd807ab7beff51e3d8bf4e42999') in 0.0660258 seconds
Number of updated asset objects reloaded before import = 0Number of asset objects unloaded after import = 12

========================================================================
Received Import Request.
  Time since last request: 0.000112 seconds.
  path: Assets/Asset/BackroomsLikeAsset/textures/PaintedWall/MRAO_PaintedWall.exr
  artifactKey: Guid(0295c53f232bb86448089502850ebcf3) Importer(2089858483,192608db42251d675da83286b1cce702)
Start importing Assets/Asset/BackroomsLikeAsset/textures/PaintedWall/MRAO_PaintedWall.exr using Guid(0295c53f232bb86448089502850ebcf3) Importer(2089858483,192608db42251d675da83286b1cce702) (ScriptedImporter) -> (artifact id: '70077055c40c0f1f70e845302af75d38') in 0.0533738 seconds
Number of updated asset objects reloaded before import = 0Number of asset objects unloaded after import = 1

========================================================================
Received Import Request.
  Time since last request: 0.000068 seconds.
  path: Assets/Asset/BackroomsLikeAsset/prefab/Props/Props_Table2.prefab
  artifactKey: Guid(ea4fda82b181c284f84b42b153ee1222) Importer(2089858483,192608db42251d675da83286b1cce702)
Start importing Assets/Asset/BackroomsLikeAsset/prefab/Props/Props_Table2.prefab using Guid(ea4fda82b181c284f84b42b153ee1222) Importer(2089858483,192608db42251d675da83286b1cce702) (ScriptedImporter) -> (artifact id: '50219f2d62ca283b791a01d351874ca4') in 0.259094 seconds
Number of updated asset objects reloaded before import = 0Number of asset objects unloaded after import = 9

========================================================================
Received Import Request.
  Time since last request: 0.000087 seconds.
  path: Assets/Asset/BackroomsLikeAsset/prefab/Props/Props_Switch.prefab
  artifactKey: Guid(66c343ffcf8c1e54382b0630feca562f) Importer(2089858483,192608db42251d675da83286b1cce702)
Start importing Assets/Asset/BackroomsLikeAsset/prefab/Props/Props_Switch.prefab using Guid(66c343ffcf8c1e54382b0630feca562f) Importer(2089858483,192608db42251d675da83286b1cce702) (ScriptedImporter) -> (artifact id: '7b2a5515a430ef363555c968f6339999') in 0.0424116 seconds
Number of updated asset objects reloaded before import = 0Number of asset objects unloaded after import = 14

========================================================================
Received Import Request.
  Time since last request: 0.000085 seconds.
  path: Assets/Asset/BackroomsLikeAsset/prefab/Tiles/Tiles_BasicCorner_01_C.prefab
  artifactKey: Guid(eefe460f4eb17084787837fc4b22fb34) Importer(2089858483,192608db42251d675da83286b1cce702)
Start importing Assets/Asset/BackroomsLikeAsset/prefab/Tiles/Tiles_BasicCorner_01_C.prefab using Guid(eefe460f4eb17084787837fc4b22fb34) Importer(2089858483,192608db42251d675da83286b1cce702) (ScriptedImporter) -> (artifact id: 'b372d57da7aa0c683326c545b3b80a74') in 0.0619544 seconds
Number of updated asset objects reloaded before import = 0Number of asset objects unloaded after import = 12

========================================================================
Received Import Request.
  Time since last request: 0.000123 seconds.
  path: Assets/Asset/BackroomsLikeAsset/prefab/Tiles/Tiles_+Room_Hole_01_A.prefab
  artifactKey: Guid(8ec585e29b9f169459d0b8775e6d92d3) Importer(2089858483,192608db42251d675da83286b1cce702)
Start importing Assets/Asset/BackroomsLikeAsset/prefab/Tiles/Tiles_+Room_Hole_01_A.prefab using Guid(8ec585e29b9f169459d0b8775e6d92d3) Importer(2089858483,192608db42251d675da83286b1cce702) (ScriptedImporter) -> (artifact id: '7f50bee2bc747caa73b85329e200ba08') in 0.2935225 seconds
Number of updated asset objects reloaded before import = 0Number of asset objects unloaded after import = 13

========================================================================
Received Import Request.
  Time since last request: 0.000064 seconds.
  path: Assets/Asset/BackroomsLikeAsset/textures/CarpetFloor/NORMAL_CarpetFloor.png
  artifactKey: Guid(dda5797e0dfb09d48b28a30f7976e48b) Importer(2089858483,192608db42251d675da83286b1cce702)
Start importing Assets/Asset/BackroomsLikeAsset/textures/CarpetFloor/NORMAL_CarpetFloor.png using Guid(dda5797e0dfb09d48b28a30f7976e48b) Importer(2089858483,192608db42251d675da83286b1cce702) (ScriptedImporter) -> (artifact id: 'd07ef22dd1dab16200d0731262376a2d') in 0.0409771 seconds
Number of updated asset objects reloaded before import = 0Number of asset objects unloaded after import = 1

========================================================================
Received Import Request.
  Time since last request: 0.000115 seconds.
  path: Assets/Asset/BackroomsLikeAsset/prefab/Tiles/Tiles_TStairs_02_D.prefab
  artifactKey: Guid(b0e0ad615ec0608429f6e70a781cbb84) Importer(2089858483,192608db42251d675da83286b1cce702)
Start importing Assets/Asset/BackroomsLikeAsset/prefab/Tiles/Tiles_TStairs_02_D.prefab using Guid(b0e0ad615ec0608429f6e70a781cbb84) Importer(2089858483,192608db42251d675da83286b1cce702) (ScriptedImporter) -> (artifact id: '6d890820caf83187a92f4336462d1dc0') in 0.0815839 seconds
Number of updated asset objects reloaded before import = 0Number of asset objects unloaded after import = 12

========================================================================
Received Import Request.
  Time since last request: 0.000080 seconds.
  path: Assets/Asset/BackroomsLikeAsset/prefab/Tiles/Tiles_BasicSide_01_B.prefab
  artifactKey: Guid(d8dacebeb29609c4db6ba7425113a1ec) Importer(2089858483,192608db42251d675da83286b1cce702)
Start importing Assets/Asset/BackroomsLikeAsset/prefab/Tiles/Tiles_BasicSide_01_B.prefab using Guid(d8dacebeb29609c4db6ba7425113a1ec) Importer(2089858483,192608db42251d675da83286b1cce702) (ScriptedImporter) -> (artifact id: '6a4952ac5283e4ebdec783040f496309') in 0.0888703 seconds
Number of updated asset objects reloaded before import = 0Number of asset objects unloaded after import = 12

========================================================================
Received Import Request.
  Time since last request: 0.000279 seconds.
  path: Assets/Asset/BackroomsLikeAsset/prefab/Tiles/Tiles_+Cross.prefab
  artifactKey: Guid(d6b76243756e705469385a118f8504cd) Importer(2089858483,192608db42251d675da83286b1cce702)
Start importing Assets/Asset/BackroomsLikeAsset/prefab/Tiles/Tiles_+Cross.prefab using Guid(d6b76243756e705469385a118f8504cd) Importer(2089858483,192608db42251d675da83286b1cce702) (ScriptedImporter) -> (artifact id: '4cec04a3213397b3bf9fd1f2995959f9') in 0.0721529 seconds
Number of updated asset objects reloaded before import = 0Number of asset objects unloaded after import = 12

========================================================================
Received Import Request.
  Time since last request: 0.000134 seconds.
  path: Assets/Asset/BackroomsLikeAsset/prefab/Tiles/Tiles_+Room_HoleFloorCeiling_01_C.prefab
  artifactKey: Guid(351940d4f4968754fbd4f05f1eea0fbb) Importer(2089858483,192608db42251d675da83286b1cce702)
Start importing Assets/Asset/BackroomsLikeAsset/prefab/Tiles/Tiles_+Room_HoleFloorCeiling_01_C.prefab using Guid(351940d4f4968754fbd4f05f1eea0fbb) Importer(2089858483,192608db42251d675da83286b1cce702) (ScriptedImporter) -> (artifact id: 'ac605783af5b97597159d384e7e2066d') in 0.1028208 seconds
Number of updated asset objects reloaded before import = 0Number of asset objects unloaded after import = 13

========================================================================
Received Import Request.
  Time since last request: 0.000112 seconds.
  path: Assets/Asset/BackroomsLikeAsset/textures/PropSet/NORMAL_PropSet.png
  artifactKey: Guid(bc519e6cf4653d0459d310102ddf9493) Importer(2089858483,192608db42251d675da83286b1cce702)
Start importing Assets/Asset/BackroomsLikeAsset/textures/PropSet/NORMAL_PropSet.png using Guid(bc519e6cf4653d0459d310102ddf9493) Importer(2089858483,192608db42251d675da83286b1cce702) (ScriptedImporter) -> (artifact id: '570192bf27162c3409fa8a62c5756014') in 0.1238319 seconds
Number of updated asset objects reloaded before import = 0Number of asset objects unloaded after import = 1

========================================================================
Received Import Request.
  Time since last request: 0.000061 seconds.
  path: Assets/Asset/BackroomsLikeAsset/prefab/Walls/Wall_Pillar_A.prefab
  artifactKey: Guid(29b641f3274cf4748a665a543dc07dfc) Importer(2089858483,192608db42251d675da83286b1cce702)
Start importing Assets/Asset/BackroomsLikeAsset/prefab/Walls/Wall_Pillar_A.prefab using Guid(29b641f3274cf4748a665a543dc07dfc) Importer(2089858483,192608db42251d675da83286b1cce702) (ScriptedImporter) -> (artifact id: '7d5543b8461e9569aa778d066777e108') in 0.0458876 seconds
Number of updated asset objects reloaded before import = 0Number of asset objects unloaded after import = 10

========================================================================
Received Import Request.
  Time since last request: 0.000117 seconds.
  path: Assets/Asset/BackroomsLikeAsset/prefab/Walls/Wall_2m.prefab
  artifactKey: Guid(5ffaa43e5fc714343940d5e26450d885) Importer(2089858483,192608db42251d675da83286b1cce702)
Start importing Assets/Asset/BackroomsLikeAsset/prefab/Walls/Wall_2m.prefab using Guid(5ffaa43e5fc714343940d5e26450d885) Importer(2089858483,192608db42251d675da83286b1cce702) (ScriptedImporter) -> (artifact id: '737099ee494f12589750b699eefed9ce') in 0.0603872 seconds
Number of updated asset objects reloaded before import = 0Number of asset objects unloaded after import = 10

========================================================================
Received Import Request.
  Time since last request: 0.000080 seconds.
  path: Assets/Asset/BackroomsLikeAsset/prefab/Tiles/Tiles_TStairs_01_A.prefab
  artifactKey: Guid(efa07b6aa72511747a3e10abad33c582) Importer(2089858483,192608db42251d675da83286b1cce702)
Start importing Assets/Asset/BackroomsLikeAsset/prefab/Tiles/Tiles_TStairs_01_A.prefab using Guid(efa07b6aa72511747a3e10abad33c582) Importer(2089858483,192608db42251d675da83286b1cce702) (ScriptedImporter) -> (artifact id: '317afc6ff189c89cd7c4e6056bc02311') in 0.0625981 seconds
Number of updated asset objects reloaded before import = 0Number of asset objects unloaded after import = 12

========================================================================
Received Import Request.
  Time since last request: 0.000107 seconds.
  path: Assets/Asset/BackroomsLikeAsset/prefab/Walls/Wall_DoorSnapper.prefab
  artifactKey: Guid(16d3b976106d561488ee6fef0113cc77) Importer(2089858483,192608db42251d675da83286b1cce702)
Start importing Assets/Asset/BackroomsLikeAsset/prefab/Walls/Wall_DoorSnapper.prefab using Guid(16d3b976106d561488ee6fef0113cc77) Importer(2089858483,192608db42251d675da83286b1cce702) (ScriptedImporter) -> (artifact id: '9dffba4ae8e308ac5d494a8ce0003f2c') in 0.0643489 seconds
Number of updated asset objects reloaded before import = 0Number of asset objects unloaded after import = 10

========================================================================
Received Import Request.
  Time since last request: 0.000063 seconds.
  path: Assets/Asset/BackroomsLikeAsset/textures/WallTrims/WallTrim_normal.png
  artifactKey: Guid(68b8790642edba741afb1dabb0efd42e) Importer(2089858483,192608db42251d675da83286b1cce702)
Start importing Assets/Asset/BackroomsLikeAsset/textures/WallTrims/WallTrim_normal.png using Guid(68b8790642edba741afb1dabb0efd42e) Importer(2089858483,192608db42251d675da83286b1cce702) (ScriptedImporter) -> (artifact id: '13ee8c97f5186a5fe8091f581bb97309') in 0.0417275 seconds
Number of updated asset objects reloaded before import = 0Number of asset objects unloaded after import = 1

========================================================================
Received Import Request.
  Time since last request: 0.000078 seconds.
  path: Assets/Asset/BackroomsLikeAsset/prefab/Tiles/Tiles_THalls_01_A.prefab
  artifactKey: Guid(ea58b9671313da545804f92dd81265ed) Importer(2089858483,192608db42251d675da83286b1cce702)
Start importing Assets/Asset/BackroomsLikeAsset/prefab/Tiles/Tiles_THalls_01_A.prefab using Guid(ea58b9671313da545804f92dd81265ed) Importer(2089858483,192608db42251d675da83286b1cce702) (ScriptedImporter) -> (artifact id: '24e239e97db01f168658f3003ff2e690') in 0.0522846 seconds
Number of updated asset objects reloaded before import = 0Number of asset objects unloaded after import = 12

========================================================================
Received Import Request.
  Time since last request: 0.000075 seconds.
  path: Assets/Asset/BackroomsLikeAsset/README.txt
  artifactKey: Guid(5d79128e1bd4a6740b40b0d0d64d7018) Importer(2089858483,192608db42251d675da83286b1cce702)
Start importing Assets/Asset/BackroomsLikeAsset/README.txt using Guid(5d79128e1bd4a6740b40b0d0d64d7018) Importer(2089858483,192608db42251d675da83286b1cce702) (ScriptedImporter) -> (artifact id: 'bee431d77c23925bc62bfaa45800004d') in 0.0148986 seconds
Number of updated asset objects reloaded before import = 0Number of asset objects unloaded after import = 1

========================================================================
Received Import Request.
  Time since last request: 0.000069 seconds.
  path: Assets/Asset/BackroomsLikeAsset/BlendFile/BackRoomsLike_Preview_001.zip
  artifactKey: Guid(f39b86ead3d69e448b8be5430b993be1) Importer(2089858483,192608db42251d675da83286b1cce702)
Start importing Assets/Asset/BackroomsLikeAsset/BlendFile/BackRoomsLike_Preview_001.zip using Guid(f39b86ead3d69e448b8be5430b993be1) Importer(2089858483,192608db42251d675da83286b1cce702) (ScriptedImporter) -> (artifact id: '13e06138f99842f12decc8456165dea5') in 0.0136551 seconds
Number of updated asset objects reloaded before import = 0Number of asset objects unloaded after import = 1

========================================================================
Received Import Request.
  Time since last request: 0.000055 seconds.
  path: Assets/Asset/BackroomsLikeAsset/prefab/Tiles/Tiles_+Side_02_B.prefab
  artifactKey: Guid(34f6a2366dccdc448b52d1268e9ffeb7) Importer(2089858483,192608db42251d675da83286b1cce702)
Start importing Assets/Asset/BackroomsLikeAsset/prefab/Tiles/Tiles_+Side_02_B.prefab using Guid(34f6a2366dccdc448b52d1268e9ffeb7) Importer(2089858483,192608db42251d675da83286b1cce702) (ScriptedImporter) -> (artifact id: '6200857f9644e067f34d991ff6fd53ab') in 0.0400397 seconds
Number of updated asset objects reloaded before import = 0Number of asset objects unloaded after import = 12

========================================================================
Received Import Request.
  Time since last request: 0.000095 seconds.
  path: Assets/Asset/BackroomsLikeAsset/prefab/Tiles/Tiles_BasicSide_02_D.prefab
  artifactKey: Guid(ecffc8a132c037d43855f4d6d4e53b00) Importer(2089858483,192608db42251d675da83286b1cce702)
Start importing Assets/Asset/BackroomsLikeAsset/prefab/Tiles/Tiles_BasicSide_02_D.prefab using Guid(ecffc8a132c037d43855f4d6d4e53b00) Importer(2089858483,192608db42251d675da83286b1cce702) (ScriptedImporter) -> (artifact id: 'd276e4500b2f5dfc6c0515b1f1548cf8') in 0.0482118 seconds
Number of updated asset objects reloaded before import = 0Number of asset objects unloaded after import = 12

========================================================================
Received Import Request.
  Time since last request: 0.000056 seconds.
  path: Assets/Asset/BackroomsLikeAsset/prefab/Debris/Debri_FloorDebris_2.prefab
  artifactKey: Guid(0af36556da6a9bf488df07cad9061d37) Importer(2089858483,192608db42251d675da83286b1cce702)
Start importing Assets/Asset/BackroomsLikeAsset/prefab/Debris/Debri_FloorDebris_2.prefab using Guid(0af36556da6a9bf488df07cad9061d37) Importer(2089858483,192608db42251d675da83286b1cce702) (ScriptedImporter) -> (artifact id: '2161d8809abeec6937be6abcee826788') in 0.0353558 seconds
Number of updated asset objects reloaded before import = 0Number of asset objects unloaded after import = 10

========================================================================
Received Import Request.
  Time since last request: 0.000071 seconds.
  path: Assets/Asset/BackroomsLikeAsset/prefab/Tiles/Tiles_T+_02_A.prefab
  artifactKey: Guid(63a6056418b53594baef1f2bee1f3e8b) Importer(2089858483,192608db42251d675da83286b1cce702)
Start importing Assets/Asset/BackroomsLikeAsset/prefab/Tiles/Tiles_T+_02_A.prefab using Guid(63a6056418b53594baef1f2bee1f3e8b) Importer(2089858483,192608db42251d675da83286b1cce702) (ScriptedImporter) -> (artifact id: '893e14b9da299a985200833c165ad353') in 0.0337858 seconds
Number of updated asset objects reloaded before import = 0Number of asset objects unloaded after import = 12

========================================================================
Received Import Request.
  Time since last request: 0.000055 seconds.
  path: Assets/TutorialInfo/Layout.wlt
  artifactKey: Guid(eabc9546105bf4accac1fd62a63e88e6) Importer(2089858483,192608db42251d675da83286b1cce702)
Start importing Assets/TutorialInfo/Layout.wlt using Guid(eabc9546105bf4accac1fd62a63e88e6) Importer(2089858483,192608db42251d675da83286b1cce702) (ScriptedImporter) -> (artifact id: '13d281bd102315c56fb3d5a6664f2065') in 0.0137954 seconds
Number of updated asset objects reloaded before import = 0Number of asset objects unloaded after import = 1

========================================================================
Received Import Request.
  Time since last request: 0.000059 seconds.
  path: Assets/Asset/BackroomsLikeAsset/prefab/Tiles/Tiles_+RoomEnd_01_D.prefab
  artifactKey: Guid(6bb77e66e4dc9a840bb4b7be7bf7c039) Importer(2089858483,192608db42251d675da83286b1cce702)
Start importing Assets/Asset/BackroomsLikeAsset/prefab/Tiles/Tiles_+RoomEnd_01_D.prefab using Guid(6bb77e66e4dc9a840bb4b7be7bf7c039) Importer(2089858483,192608db42251d675da83286b1cce702) (ScriptedImporter) -> (artifact id: '91397b33cb43da2ad85ffb93f3756526') in 0.0307735 seconds
Number of updated asset objects reloaded before import = 0Number of asset objects unloaded after import = 12

========================================================================
Received Import Request.
  Time since last request: 0.000056 seconds.
  path: Assets/Asset/BackroomsLikeAsset/textures/PaintedWall/BASE COLOR_PaintedWall.png
  artifactKey: Guid(7638dc4255aedcd40af76451cdf3c860) Importer(2089858483,192608db42251d675da83286b1cce702)
Start importing Assets/Asset/BackroomsLikeAsset/textures/PaintedWall/BASE COLOR_PaintedWall.png using Guid(7638dc4255aedcd40af76451cdf3c860) Importer(2089858483,192608db42251d675da83286b1cce702) (ScriptedImporter) -> (artifact id: 'b9fac8290f60493d57fbef0abdcd6292') in 0.0454008 seconds
Number of updated asset objects reloaded before import = 0Number of asset objects unloaded after import = 1

========================================================================
Received Import Request.
  Time since last request: 0.000062 seconds.
  path: Assets/Asset/BackroomsLikeAsset/prefab/Tiles/Tiles_+Side_01_D.prefab
  artifactKey: Guid(8804a719b3c745c4cbc2fd672d92ac5d) Importer(2089858483,192608db42251d675da83286b1cce702)
Start importing Assets/Asset/BackroomsLikeAsset/prefab/Tiles/Tiles_+Side_01_D.prefab using Guid(8804a719b3c745c4cbc2fd672d92ac5d) Importer(2089858483,192608db42251d675da83286b1cce702) (ScriptedImporter) -> (artifact id: '80e2d621ac5a5529919dbb18b3af7aad') in 0.0523149 seconds
Number of updated asset objects reloaded before import = 0Number of asset objects unloaded after import = 12

========================================================================
Received Import Request.
  Time since last request: 0.000103 seconds.
  path: Assets/Asset/BackroomsLikeAsset/prefab/Tiles/Tiles_+Corner_01_A.prefab
  artifactKey: Guid(756e88de6194f89469f53747fe14df87) Importer(2089858483,192608db42251d675da83286b1cce702)
Start importing Assets/Asset/BackroomsLikeAsset/prefab/Tiles/Tiles_+Corner_01_A.prefab using Guid(756e88de6194f89469f53747fe14df87) Importer(2089858483,192608db42251d675da83286b1cce702) (ScriptedImporter) -> (artifact id: 'b48f678abd2b3eb3c5e4dc0188db985a') in 0.0320675 seconds
Number of updated asset objects reloaded before import = 0Number of asset objects unloaded after import = 12

========================================================================
Received Import Request.
  Time since last request: 0.000050 seconds.
  path: Assets/Asset/BackroomsLikeAsset/prefab/Tiles/Tiles_+Room_Hole_01_D.prefab
  artifactKey: Guid(4d8c5d24354bfdc4a8ecf4ab65bf100c) Importer(2089858483,192608db42251d675da83286b1cce702)
Start importing Assets/Asset/BackroomsLikeAsset/prefab/Tiles/Tiles_+Room_Hole_01_D.prefab using Guid(4d8c5d24354bfdc4a8ecf4ab65bf100c) Importer(2089858483,192608db42251d675da83286b1cce702) (ScriptedImporter) -> (artifact id: '583f0f08fdd0f7788e0e5620bfaf5d17') in 0.0352307 seconds
Number of updated asset objects reloaded before import = 0Number of asset objects unloaded after import = 13

========================================================================
Received Import Request.
  Time since last request: 0.000049 seconds.
  path: Assets/Asset/BackroomsLikeAsset/prefab/Tiles/Tiles_T+Side_04_C.prefab
  artifactKey: Guid(2a9b2166e2e8152408c89ddb9713e9c5) Importer(2089858483,192608db42251d675da83286b1cce702)
Start importing Assets/Asset/BackroomsLikeAsset/prefab/Tiles/Tiles_T+Side_04_C.prefab using Guid(2a9b2166e2e8152408c89ddb9713e9c5) Importer(2089858483,192608db42251d675da83286b1cce702) (ScriptedImporter) -> (artifact id: '41072d216159fd9052956e24bb432ac9') in 0.0377547 seconds
Number of updated asset objects reloaded before import = 0Number of asset objects unloaded after import = 12

========================================================================
Received Import Request.
  Time since last request: 0.000061 seconds.
  path: Assets/Asset/BackroomsLikeAsset/prefab/Walls/WallWindow.prefab
  artifactKey: Guid(093b2c3294ecd334ba4774620f5e050b) Importer(2089858483,192608db42251d675da83286b1cce702)
Start importing Assets/Asset/BackroomsLikeAsset/prefab/Walls/WallWindow.prefab using Guid(093b2c3294ecd334ba4774620f5e050b) Importer(2089858483,192608db42251d675da83286b1cce702) (ScriptedImporter) -> (artifact id: 'b5cdccd9fe98802d4c8b9312277a0c01') in 0.0319326 seconds
Number of updated asset objects reloaded before import = 0Number of asset objects unloaded after import = 10

========================================================================
Received Import Request.
  Time since last request: 0.000061 seconds.
  path: Assets/Asset/BackroomsLikeAsset/prefab/Tiles/Tiles_+Room_HoleFloorCeiling_01_A.prefab
  artifactKey: Guid(f7597fd4cdf655a4884981ce3549fa91) Importer(2089858483,192608db42251d675da83286b1cce702)
Start importing Assets/Asset/BackroomsLikeAsset/prefab/Tiles/Tiles_+Room_HoleFloorCeiling_01_A.prefab using Guid(f7597fd4cdf655a4884981ce3549fa91) Importer(2089858483,192608db42251d675da83286b1cce702) (ScriptedImporter) -> (artifact id: '4165feb6dc11bdd7f5962fad61ab46e8') in 0.0562688 seconds
Number of updated asset objects reloaded before import = 0Number of asset objects unloaded after import = 13

========================================================================
Received Import Request.
  Time since last request: 0.000047 seconds.
  path: Assets/Asset/BackroomsLikeAsset/prefab/Tiles/Tiles_+Corner_02_C.prefab
  artifactKey: Guid(9d02221fb5297a0429ded63f85590a90) Importer(2089858483,192608db42251d675da83286b1cce702)
Start importing Assets/Asset/BackroomsLikeAsset/prefab/Tiles/Tiles_+Corner_02_C.prefab using Guid(9d02221fb5297a0429ded63f85590a90) Importer(2089858483,192608db42251d675da83286b1cce702) (ScriptedImporter) -> (artifact id: 'fbdf4ca8c92c0a5f79aa4e74d9dbd31a') in 0.0449586 seconds
Number of updated asset objects reloaded before import = 0Number of asset objects unloaded after import = 12

========================================================================
Received Import Request.
  Time since last request: 0.000660 seconds.
  path: Assets/Asset/BackroomsLikeAsset/material/Wall_trim_mat.mat
  artifactKey: Guid(3ccd095f795c03943983e91237af6e15) Importer(2089858483,192608db42251d675da83286b1cce702)
Start importing Assets/Asset/BackroomsLikeAsset/material/Wall_trim_mat.mat using Guid(3ccd095f795c03943983e91237af6e15) Importer(2089858483,192608db42251d675da83286b1cce702) (ScriptedImporter) -> (artifact id: 'bae294a90cbd69a53c878d9c33954a2a') in 0.0309826 seconds
Number of updated asset objects reloaded before import = 0Number of asset objects unloaded after import = 8

========================================================================
Received Import Request.
  Time since last request: 0.000042 seconds.
  path: Assets/Asset/BackroomsLikeAsset/prefab/Tiles/Tiles_+RoomStairs_01_C.prefab
  artifactKey: Guid(bffe8ff0bf306d74d8249a679878eba7) Importer(2089858483,192608db42251d675da83286b1cce702)
Start importing Assets/Asset/BackroomsLikeAsset/prefab/Tiles/Tiles_+RoomStairs_01_C.prefab using Guid(bffe8ff0bf306d74d8249a679878eba7) Importer(2089858483,192608db42251d675da83286b1cce702) (ScriptedImporter) -> (artifact id: '5146cd31668ab78ae113e5fa598c42cb') in 0.0301749 seconds
Number of updated asset objects reloaded before import = 0Number of asset objects unloaded after import = 12

========================================================================
Received Import Request.
  Time since last request: 0.000087 seconds.
  path: Assets/Asset/BackroomsLikeAsset/prefab/Props/Props_Key.prefab
  artifactKey: Guid(d98c793a3c8517144a0477b447235ad8) Importer(2089858483,192608db42251d675da83286b1cce702)
Start importing Assets/Asset/BackroomsLikeAsset/prefab/Props/Props_Key.prefab using Guid(d98c793a3c8517144a0477b447235ad8) Importer(2089858483,192608db42251d675da83286b1cce702) (ScriptedImporter) -> (artifact id: '2013ef2488924b901a211d08b5d68e3c') in 0.026156 seconds
Number of updated asset objects reloaded before import = 0Number of asset objects unloaded after import = 9

========================================================================
Received Import Request.
  Time since last request: 0.000050 seconds.
  path: Assets/Asset/BackroomsLikeAsset/textures/CarpetFloor/BASE COLOR_CarpetFloor.png
  artifactKey: Guid(cd22045117c050c438f49369355d050b) Importer(2089858483,192608db42251d675da83286b1cce702)
Start importing Assets/Asset/BackroomsLikeAsset/textures/CarpetFloor/BASE COLOR_CarpetFloor.png using Guid(cd22045117c050c438f49369355d050b) Importer(2089858483,192608db42251d675da83286b1cce702) (ScriptedImporter) -> (artifact id: '21c362fd326b9dae757d108630cd2724') in 0.0524933 seconds
Number of updated asset objects reloaded before import = 0Number of asset objects unloaded after import = 1

========================================================================
Received Import Request.
  Time since last request: 0.000092 seconds.
  path: Assets/Asset/BackroomsLikeAsset/prefab/Tiles/Tiles_TCorner_01_C.prefab
  artifactKey: Guid(535b88a1d42b9c140bb4afe3ee965ae0) Importer(2089858483,192608db42251d675da83286b1cce702)
Start importing Assets/Asset/BackroomsLikeAsset/prefab/Tiles/Tiles_TCorner_01_C.prefab using Guid(535b88a1d42b9c140bb4afe3ee965ae0) Importer(2089858483,192608db42251d675da83286b1cce702) (ScriptedImporter) -> (artifact id: 'bee3590e8721879920c28b76c45f88c7') in 0.1550739 seconds
Number of updated asset objects reloaded before import = 0Number of asset objects unloaded after import = 12

========================================================================
Received Import Request.
  Time since last request: 0.000099 seconds.
  path: Assets/Asset/BackroomsLikeAsset/TestLeve/LightingData.asset
  artifactKey: Guid(42f50aad3efd8434a9a62a1d5e85d3f6) Importer(2089858483,192608db42251d675da83286b1cce702)
Start importing Assets/Asset/BackroomsLikeAsset/TestLeve/LightingData.asset using Guid(42f50aad3efd8434a9a62a1d5e85d3f6) Importer(2089858483,192608db42251d675da83286b1cce702) (ScriptedImporter) -> (artifact id: '4228b691937ba929eb07f683109ae342') in 0.0338963 seconds
Number of updated asset objects reloaded before import = 0Number of asset objects unloaded after import = 2

========================================================================
Received Import Request.
  Time since last request: 0.000108 seconds.
  path: Assets/Asset/BackroomsLikeAsset/TestLeve/ReflectionProbe-0.exr
  artifactKey: Guid(59136dbe39f0ff147a5125d0f062903c) Importer(2089858483,192608db42251d675da83286b1cce702)
Start importing Assets/Asset/BackroomsLikeAsset/TestLeve/ReflectionProbe-0.exr using Guid(59136dbe39f0ff147a5125d0f062903c) Importer(2089858483,192608db42251d675da83286b1cce702) (ScriptedImporter) -> (artifact id: '9061c7968d5376ebc93c7fd1ef86a749') in 0.0789928 seconds
Number of updated asset objects reloaded before import = 0Number of asset objects unloaded after import = 1

========================================================================
Received Import Request.
  Time since last request: 0.000067 seconds.
  path: Assets/Asset/BackroomsLikeAsset/prefab/Props/Props_PlugsA.prefab
  artifactKey: Guid(8055e34c3dfce9c4eb3dc8da3da7864f) Importer(2089858483,192608db42251d675da83286b1cce702)
Start importing Assets/Asset/BackroomsLikeAsset/prefab/Props/Props_PlugsA.prefab using Guid(8055e34c3dfce9c4eb3dc8da3da7864f) Importer(2089858483,192608db42251d675da83286b1cce702) (ScriptedImporter) -> (artifact id: '67b9e120028eee60988cd8ddc7909476') in 0.0569616 seconds
Number of updated asset objects reloaded before import = 0Number of asset objects unloaded after import = 9

========================================================================
Received Import Request.
  Time since last request: 0.000097 seconds.
  path: Assets/Asset/BackroomsLikeAsset/prefab/Tiles/Tiles_T+Side_01_B.prefab
  artifactKey: Guid(f3a62dc753cc58541a4911e9f7877aa3) Importer(2089858483,192608db42251d675da83286b1cce702)
Start importing Assets/Asset/BackroomsLikeAsset/prefab/Tiles/Tiles_T+Side_01_B.prefab using Guid(f3a62dc753cc58541a4911e9f7877aa3) Importer(2089858483,192608db42251d675da83286b1cce702) (ScriptedImporter) -> (artifact id: 'e49f7179d2aed6a96b123ff08a69a8fe') in 0.058185 seconds
Number of updated asset objects reloaded before import = 0Number of asset objects unloaded after import = 12

========================================================================
Received Import Request.
  Time since last request: 0.000080 seconds.
  path: Assets/Asset/BackroomsLikeAsset/prefab/Tiles/Tiles_+Corner_02_B.prefab
  artifactKey: Guid(722ca2f5650088f46b0bf95645d4bcda) Importer(2089858483,192608db42251d675da83286b1cce702)
Start importing Assets/Asset/BackroomsLikeAsset/prefab/Tiles/Tiles_+Corner_02_B.prefab using Guid(722ca2f5650088f46b0bf95645d4bcda) Importer(2089858483,192608db42251d675da83286b1cce702) (ScriptedImporter) -> (artifact id: '905a537c298550a713d312a5f1b4fe6e') in 0.1868427 seconds
Number of updated asset objects reloaded before import = 0Number of asset objects unloaded after import = 12

========================================================================
Received Import Request.
  Time since last request: 0.000098 seconds.
  path: Assets/Asset/BackroomsLikeAsset/textures/Concrete_4/BASE COLOR_Concrete_4.png
  artifactKey: Guid(4bfca49ebefff824abd60b65d3f21e06) Importer(2089858483,192608db42251d675da83286b1cce702)
Start importing Assets/Asset/BackroomsLikeAsset/textures/Concrete_4/BASE COLOR_Concrete_4.png using Guid(4bfca49ebefff824abd60b65d3f21e06) Importer(2089858483,192608db42251d675da83286b1cce702) (ScriptedImporter) -> (artifact id: '9975438f97ed62644adb84c0265227d8') in 0.0991711 seconds
Number of updated asset objects reloaded before import = 0Number of asset objects unloaded after import = 1

========================================================================
Received Prepare
Begin MonoManager ReloadAssembly
- Loaded All Assemblies, in  7.570 seconds
Refreshing native plugins compatible for Editor in 7.20 ms, found 3 plugins.
Native extension for WindowsStandalone target not found
Mono: successfully reloaded assembly
- Finished resetting the current domain, in  3.612 seconds
Domain Reload Profiling: 11082ms
	BeginReloadAssembly (1368ms)
		ExecutionOrderSort (0ms)
		DisableScriptedObjects (91ms)
		BackupInstance (0ms)
		ReleaseScriptingObjects (1ms)
		CreateAndSetChildDomain (291ms)
	RebuildCommonClasses (172ms)
	RebuildNativeTypeToScriptingClass (59ms)
	initialDomainReloadingComplete (357ms)
	LoadAllAssembliesAndSetupDomain (5511ms)
		LoadAssemblies (2776ms)
		RebuildTransferFunctionScriptingTraits (0ms)
		AnalyzeDomain (3203ms)
			TypeCache.Refresh (45ms)
				TypeCache.ScanAssembly (1ms)
			BuildScriptInfoCaches (2987ms)
			ResolveRequiredComponents (126ms)
	FinalizeReload (3615ms)
		ReleaseScriptCaches (0ms)
		RebuildScriptCaches (0ms)
		SetupLoadedEditorAssemblies (2935ms)
			LogAssemblyErrors (0ms)
			InitializePlatformSupportModulesInManaged (7ms)
			SetLoadedEditorAssemblies (13ms)
			BeforeProcessingInitializeOnLoad (515ms)
			ProcessInitializeOnLoadAttributes (1990ms)
			ProcessInitializeOnLoadMethodAttributes (352ms)
			AfterProcessingInitializeOnLoad (56ms)
			EditorAssembliesLoaded (1ms)
		ExecutionOrderSort2 (0ms)
		AwakeInstancesAfterBackupRestoration (102ms)
Refreshing native plugins compatible for Editor in 6.09 ms, found 3 plugins.
Preloading 0 native plugins for Editor in 0.00 ms.
Unloading 31 Unused Serialized files (Serialized files now loaded: 0)
Unloading 5901 unused Assets / (7.0 MB). Loaded Objects now: 6606.
Memory consumption went from 149.5 MB to 142.5 MB.
Total: 26.091000 ms (FindLiveObjects: 1.254500 ms CreateObjectMapping: 1.021200 ms MarkObjects: 14.234200 ms  DeleteObjects: 9.578500 ms)

Prepare: number of updated asset objects reloaded= 0
========================================================================
Received Prepare
Begin MonoManager ReloadAssembly
- Loaded All Assemblies, in  4.792 seconds
Refreshing native plugins compatible for Editor in 8.03 ms, found 3 plugins.
Native extension for WindowsStandalone target not found
Mono: successfully reloaded assembly
- Finished resetting the current domain, in  5.026 seconds
Domain Reload Profiling: 9772ms
	BeginReloadAssembly (1541ms)
		ExecutionOrderSort (0ms)
		DisableScriptedObjects (150ms)
		BackupInstance (0ms)
		ReleaseScriptingObjects (1ms)
		CreateAndSetChildDomain (494ms)
	RebuildCommonClasses (144ms)
	RebuildNativeTypeToScriptingClass (51ms)
	initialDomainReloadingComplete (183ms)
	LoadAllAssembliesAndSetupDomain (2800ms)
		LoadAssemblies (2012ms)
		RebuildTransferFunctionScriptingTraits (0ms)
		AnalyzeDomain (1388ms)
			TypeCache.Refresh (34ms)
				TypeCache.ScanAssembly (4ms)
			BuildScriptInfoCaches (1276ms)
			ResolveRequiredComponents (62ms)
	FinalizeReload (5052ms)
		ReleaseScriptCaches (0ms)
		RebuildScriptCaches (0ms)
		SetupLoadedEditorAssemblies (3888ms)
			LogAssemblyErrors (0ms)
			InitializePlatformSupportModulesInManaged (12ms)
			SetLoadedEditorAssemblies (14ms)
			BeforeProcessingInitializeOnLoad (1182ms)
			ProcessInitializeOnLoadAttributes (2335ms)
			ProcessInitializeOnLoadMethodAttributes (284ms)
			AfterProcessingInitializeOnLoad (59ms)
			EditorAssembliesLoaded (1ms)
		ExecutionOrderSort2 (0ms)
		AwakeInstancesAfterBackupRestoration (150ms)
Refreshing native plugins compatible for Editor in 7.09 ms, found 3 plugins.
Preloading 0 native plugins for Editor in 0.00 ms.
Unloading 31 Unused Serialized files (Serialized files now loaded: 0)
Unloading 5972 unused Assets / (5.5 MB). Loaded Objects now: 6679.
Memory consumption went from 149.7 MB to 144.2 MB.
Total: 25.015600 ms (FindLiveObjects: 1.321400 ms CreateObjectMapping: 1.642700 ms MarkObjects: 12.261800 ms  DeleteObjects: 9.785500 ms)

Prepare: number of updated asset objects reloaded= 0
========================================================================
Received Prepare
Begin MonoManager ReloadAssembly
- Loaded All Assemblies, in  4.326 seconds
Refreshing native plugins compatible for Editor in 20.16 ms, found 3 plugins.
Native extension for WindowsStandalone target not found
Mono: successfully reloaded assembly
- Finished resetting the current domain, in  8.948 seconds
Domain Reload Profiling: 13224ms
	BeginReloadAssembly (1054ms)
		ExecutionOrderSort (0ms)
		DisableScriptedObjects (54ms)
		BackupInstance (0ms)
		ReleaseScriptingObjects (1ms)
		CreateAndSetChildDomain (197ms)
	RebuildCommonClasses (236ms)
	RebuildNativeTypeToScriptingClass (91ms)
	initialDomainReloadingComplete (369ms)
	LoadAllAssembliesAndSetupDomain (2507ms)
		LoadAssemblies (2121ms)
		RebuildTransferFunctionScriptingTraits (0ms)
		AnalyzeDomain (965ms)
			TypeCache.Refresh (35ms)
				TypeCache.ScanAssembly (0ms)
			BuildScriptInfoCaches (864ms)
			ResolveRequiredComponents (49ms)
	FinalizeReload (8967ms)
		ReleaseScriptCaches (0ms)
		RebuildScriptCaches (0ms)
		SetupLoadedEditorAssemblies (6159ms)
			LogAssemblyErrors (0ms)
			InitializePlatformSupportModulesInManaged (23ms)
			SetLoadedEditorAssemblies (43ms)
			BeforeProcessingInitializeOnLoad (1996ms)
			ProcessInitializeOnLoadAttributes (3503ms)
			ProcessInitializeOnLoadMethodAttributes (483ms)
			AfterProcessingInitializeOnLoad (109ms)
			EditorAssembliesLoaded (1ms)
		ExecutionOrderSort2 (0ms)
		AwakeInstancesAfterBackupRestoration (241ms)
Refreshing native plugins compatible for Editor in 16.32 ms, found 3 plugins.
Preloading 0 native plugins for Editor in 0.00 ms.
Unloading 31 Unused Serialized files (Serialized files now loaded: 0)
Unloading 5972 unused Assets / (5.7 MB). Loaded Objects now: 6681.
Memory consumption went from 149.8 MB to 144.1 MB.
Total: 57.334900 ms (FindLiveObjects: 5.039800 ms CreateObjectMapping: 2.182800 ms MarkObjects: 23.287000 ms  DeleteObjects: 26.818500 ms)

Prepare: number of updated asset objects reloaded= 0
